{"/home/stalwart/Documents/Codes/Fullstack/teletalk/teletalk-server/.trashcan/middleware/userMiddleware/existenceCheckerUserValidatorMiddleware.js":{"path":"/home/stalwart/Documents/Codes/Fullstack/teletalk/teletalk-server/.trashcan/middleware/userMiddleware/existenceCheckerUserValidatorMiddleware.js","statementMap":{"0":{"start":{"line":3,"column":4},"end":{"line":3,"column":66}},"1":{"start":{"line":4,"column":48},"end":{"line":22,"column":1}},"2":{"start":{"line":5,"column":2},"end":{"line":21,"column":3}},"3":{"start":{"line":6,"column":52},"end":{"line":6,"column":60}},"4":{"start":{"line":8,"column":29},"end":{"line":12,"column":6}},"5":{"start":{"line":14,"column":4},"end":{"line":16,"column":5}},"6":{"start":{"line":15,"column":6},"end":{"line":15,"column":29}},"7":{"start":{"line":18,"column":4},"end":{"line":18,"column":34}},"8":{"start":{"line":20,"column":4},"end":{"line":20,"column":11}},"9":{"start":{"line":24,"column":0},"end":{"line":24,"column":61}}},"fnMap":{"0":{"name":"(anonymous_0)","decl":{"start":{"line":4,"column":48},"end":{"line":4,"column":49}},"loc":{"start":{"line":4,"column":74},"end":{"line":22,"column":1}},"line":4}},"branchMap":{"0":{"loc":{"start":{"line":14,"column":4},"end":{"line":16,"column":5}},"type":"if","locations":[{"start":{"line":14,"column":4},"end":{"line":16,"column":5}},{"start":{"line":14,"column":4},"end":{"line":16,"column":5}}],"line":14}},"s":{"0":0,"1":0,"2":0,"3":0,"4":0,"5":0,"6":0,"7":0,"8":0,"9":0},"f":{"0":0},"b":{"0":[0,0]},"all":true},"/home/stalwart/Documents/Codes/Fullstack/teletalk/teletalk-server/.trashcan/middleware/userMiddleware/loginNormalUserValidatorMiddleware.js":{"path":"/home/stalwart/Documents/Codes/Fullstack/teletalk/teletalk-server/.trashcan/middleware/userMiddleware/loginNormalUserValidatorMiddleware.js","statementMap":{"0":{"start":{"line":5,"column":4},"end":{"line":5,"column":66}},"1":{"start":{"line":7,"column":43},"end":{"line":25,"column":1}},"2":{"start":{"line":8,"column":2},"end":{"line":24,"column":3}},"3":{"start":{"line":9,"column":52},"end":{"line":9,"column":60}},"4":{"start":{"line":11,"column":29},"end":{"line":15,"column":6}},"5":{"start":{"line":17,"column":4},"end":{"line":19,"column":5}},"6":{"start":{"line":18,"column":6},"end":{"line":18,"column":29}},"7":{"start":{"line":21,"column":4},"end":{"line":21,"column":34}},"8":{"start":{"line":23,"column":4},"end":{"line":23,"column":11}},"9":{"start":{"line":27,"column":0},"end":{"line":27,"column":56}}},"fnMap":{"0":{"name":"(anonymous_0)","decl":{"start":{"line":7,"column":43},"end":{"line":7,"column":44}},"loc":{"start":{"line":7,"column":69},"end":{"line":25,"column":1}},"line":7}},"branchMap":{"0":{"loc":{"start":{"line":17,"column":4},"end":{"line":19,"column":5}},"type":"if","locations":[{"start":{"line":17,"column":4},"end":{"line":19,"column":5}},{"start":{"line":17,"column":4},"end":{"line":19,"column":5}}],"line":17}},"s":{"0":0,"1":0,"2":0,"3":0,"4":0,"5":0,"6":0,"7":0,"8":0,"9":0},"f":{"0":0},"b":{"0":[0,0]},"all":true},"/home/stalwart/Documents/Codes/Fullstack/teletalk/teletalk-server/.trashcan/middleware/userMiddleware/registerNormalUserValidatorMiddleware.js":{"path":"/home/stalwart/Documents/Codes/Fullstack/teletalk/teletalk-server/.trashcan/middleware/userMiddleware/registerNormalUserValidatorMiddleware.js","statementMap":{"0":{"start":{"line":5,"column":4},"end":{"line":5,"column":77}},"1":{"start":{"line":7,"column":21},"end":{"line":7,"column":59}},"2":{"start":{"line":9,"column":39},"end":{"line":27,"column":1}},"3":{"start":{"line":10,"column":2},"end":{"line":26,"column":3}},"4":{"start":{"line":11,"column":21},"end":{"line":11,"column":29}},"5":{"start":{"line":13,"column":22},"end":{"line":13,"column":32}},"6":{"start":{"line":15,"column":29},"end":{"line":18,"column":6}},"7":{"start":{"line":19,"column":4},"end":{"line":21,"column":5}},"8":{"start":{"line":20,"column":6},"end":{"line":20,"column":29}},"9":{"start":{"line":23,"column":4},"end":{"line":23,"column":34}},"10":{"start":{"line":25,"column":4},"end":{"line":25,"column":11}},"11":{"start":{"line":29,"column":0},"end":{"line":29,"column":52}}},"fnMap":{"0":{"name":"(anonymous_0)","decl":{"start":{"line":9,"column":39},"end":{"line":9,"column":40}},"loc":{"start":{"line":9,"column":65},"end":{"line":27,"column":1}},"line":9}},"branchMap":{"0":{"loc":{"start":{"line":19,"column":4},"end":{"line":21,"column":5}},"type":"if","locations":[{"start":{"line":19,"column":4},"end":{"line":21,"column":5}},{"start":{"line":19,"column":4},"end":{"line":21,"column":5}}],"line":19}},"s":{"0":0,"1":0,"2":0,"3":0,"4":0,"5":0,"6":0,"7":0,"8":0,"9":0,"10":0,"11":0},"f":{"0":0},"b":{"0":[0,0]},"all":true},"/home/stalwart/Documents/Codes/Fullstack/teletalk/teletalk-server/.trashcan/middleware/userMiddleware/verifyLoginNormalUserValidatorMiddleware.js":{"path":"/home/stalwart/Documents/Codes/Fullstack/teletalk/teletalk-server/.trashcan/middleware/userMiddleware/verifyLoginNormalUserValidatorMiddleware.js","statementMap":{"0":{"start":{"line":5,"column":4},"end":{"line":5,"column":80}},"1":{"start":{"line":7,"column":49},"end":{"line":23,"column":1}},"2":{"start":{"line":8,"column":2},"end":{"line":22,"column":3}},"3":{"start":{"line":9,"column":44},"end":{"line":9,"column":52}},"4":{"start":{"line":11,"column":21},"end":{"line":14,"column":6}},"5":{"start":{"line":15,"column":4},"end":{"line":17,"column":5}},"6":{"start":{"line":16,"column":6},"end":{"line":16,"column":21}},"7":{"start":{"line":19,"column":4},"end":{"line":19,"column":34}},"8":{"start":{"line":21,"column":4},"end":{"line":21,"column":11}},"9":{"start":{"line":25,"column":0},"end":{"line":25,"column":62}}},"fnMap":{"0":{"name":"(anonymous_0)","decl":{"start":{"line":7,"column":49},"end":{"line":7,"column":50}},"loc":{"start":{"line":7,"column":75},"end":{"line":23,"column":1}},"line":7}},"branchMap":{"0":{"loc":{"start":{"line":15,"column":4},"end":{"line":17,"column":5}},"type":"if","locations":[{"start":{"line":15,"column":4},"end":{"line":17,"column":5}},{"start":{"line":15,"column":4},"end":{"line":17,"column":5}}],"line":15}},"s":{"0":0,"1":0,"2":0,"3":0,"4":0,"5":0,"6":0,"7":0,"8":0,"9":0},"f":{"0":0},"b":{"0":[0,0]},"all":true},"/home/stalwart/Documents/Codes/Fullstack/teletalk/teletalk-server/.trashcan/schema/userSchema/UserSchema.js":{"path":"/home/stalwart/Documents/Codes/Fullstack/teletalk/teletalk-server/.trashcan/schema/userSchema/UserSchema.js","statementMap":{"0":{"start":{"line":1,"column":17},"end":{"line":1,"column":36}},"1":{"start":{"line":2,"column":22},"end":{"line":2,"column":58}},"2":{"start":{"line":6,"column":4},"end":{"line":6,"column":77}},"3":{"start":{"line":23,"column":4},"end":{"line":23,"column":59}},"4":{"start":{"line":27,"column":0},"end":{"line":27,"column":50}},"5":{"start":{"line":29,"column":19},"end":{"line":108,"column":2}},"6":{"start":{"line":110,"column":0},"end":{"line":112,"column":2}},"7":{"start":{"line":111,"column":2},"end":{"line":111,"column":43}},"8":{"start":{"line":139,"column":0},"end":{"line":139,"column":35}},"9":{"start":{"line":141,"column":0},"end":{"line":141,"column":32}}},"fnMap":{"0":{"name":"(anonymous_0)","decl":{"start":{"line":110,"column":43},"end":{"line":110,"column":44}},"loc":{"start":{"line":110,"column":65},"end":{"line":112,"column":1}},"line":110}},"branchMap":{},"s":{"0":0,"1":0,"2":0,"3":0,"4":0,"5":0,"6":0,"7":0,"8":0,"9":0},"f":{"0":0},"b":{},"all":true},"/home/stalwart/Documents/Codes/Fullstack/teletalk/teletalk-server/.trashcan/template/userTemplate/routeUserTemplate.js":{"path":"/home/stalwart/Documents/Codes/Fullstack/teletalk/teletalk-server/.trashcan/template/userTemplate/routeUserTemplate.js","statementMap":{"0":{"start":{"line":3,"column":26},"end":{"line":56,"column":1}},"1":{"start":{"line":58,"column":0},"end":{"line":58,"column":39}}},"fnMap":{},"branchMap":{},"s":{"0":0,"1":0},"f":{},"b":{},"all":true},"/home/stalwart/Documents/Codes/Fullstack/teletalk/teletalk-server/.trashcan/validator/userValidator/registerNormalUserValidator.js":{"path":"/home/stalwart/Documents/Codes/Fullstack/teletalk/teletalk-server/.trashcan/validator/userValidator/registerNormalUserValidator.js","statementMap":{"0":{"start":{"line":1,"column":18},"end":{"line":1,"column":46}},"1":{"start":{"line":14,"column":4},"end":{"line":14,"column":67}},"2":{"start":{"line":16,"column":10},"end":{"line":16,"column":25}},"3":{"start":{"line":18,"column":31},"end":{"line":29,"column":1}},"4":{"start":{"line":31,"column":36},"end":{"line":31,"column":69}},"5":{"start":{"line":33,"column":0},"end":{"line":33,"column":49}}},"fnMap":{},"branchMap":{},"s":{"0":0,"1":0,"2":0,"3":0,"4":0,"5":0},"f":{},"b":{},"all":true},"/home/stalwart/Documents/Codes/Fullstack/teletalk/teletalk-server/.trashcan/validator/userValidator/verifyLoginNormalUserValidator.js":{"path":"/home/stalwart/Documents/Codes/Fullstack/teletalk/teletalk-server/.trashcan/validator/userValidator/verifyLoginNormalUserValidator.js","statementMap":{"0":{"start":{"line":1,"column":18},"end":{"line":1,"column":46}},"1":{"start":{"line":5,"column":4},"end":{"line":5,"column":67}},"2":{"start":{"line":7,"column":10},"end":{"line":7,"column":25}},"3":{"start":{"line":9,"column":40},"end":{"line":12,"column":1}},"4":{"start":{"line":14,"column":39},"end":{"line":16,"column":1}},"5":{"start":{"line":18,"column":0},"end":{"line":18,"column":52}}},"fnMap":{},"branchMap":{},"s":{"0":0,"1":0,"2":0,"3":0,"4":0,"5":0},"f":{},"b":{},"all":true},"/home/stalwart/Documents/Codes/Fullstack/teletalk/teletalk-server/comments/generalComments.js":{"path":"/home/stalwart/Documents/Codes/Fullstack/teletalk/teletalk-server/comments/generalComments.js","statementMap":{"0":{"start":{"line":3,"column":24},"end":{"line":10,"column":1}},"1":{"start":{"line":12,"column":0},"end":{"line":12,"column":37}}},"fnMap":{},"branchMap":{},"s":{"0":0,"1":0},"f":{},"b":{},"all":true},"/home/stalwart/Documents/Codes/Fullstack/teletalk/teletalk-server/src/app.js":{"path":"/home/stalwart/Documents/Codes/Fullstack/teletalk/teletalk-server/src/app.js","statementMap":{"0":{"start":{"line":1,"column":13},"end":{"line":1,"column":28}},"1":{"start":{"line":3,"column":13},"end":{"line":3,"column":28}},"2":{"start":{"line":4,"column":16},"end":{"line":4,"column":34}},"3":{"start":{"line":5,"column":15},"end":{"line":5,"column":32}},"4":{"start":{"line":6,"column":15},"end":{"line":6,"column":32}},"5":{"start":{"line":7,"column":21},"end":{"line":7,"column":45}},"6":{"start":{"line":11,"column":0},"end":{"line":11,"column":32}},"7":{"start":{"line":13,"column":0},"end":{"line":15,"column":3}},"8":{"start":{"line":41,"column":0},"end":{"line":41,"column":39}},"9":{"start":{"line":43,"column":27},"end":{"line":43,"column":71}},"10":{"start":{"line":48,"column":4},"end":{"line":48,"column":61}},"11":{"start":{"line":50,"column":0},"end":{"line":54,"column":1}},"12":{"start":{"line":53,"column":2},"end":{"line":53,"column":35}},"13":{"start":{"line":58,"column":4},"end":{"line":58,"column":53}},"14":{"start":{"line":61,"column":4},"end":{"line":61,"column":53}},"15":{"start":{"line":63,"column":21},"end":{"line":63,"column":50}},"16":{"start":{"line":65,"column":12},"end":{"line":65,"column":21}},"17":{"start":{"line":67,"column":0},"end":{"line":67,"column":16}},"18":{"start":{"line":68,"column":0},"end":{"line":68,"column":18}},"19":{"start":{"line":69,"column":0},"end":{"line":69,"column":23}},"20":{"start":{"line":70,"column":0},"end":{"line":70,"column":24}},"21":{"start":{"line":72,"column":0},"end":{"line":98,"column":3}},"22":{"start":{"line":73,"column":2},"end":{"line":78,"column":11}},"23":{"start":{"line":80,"column":2},"end":{"line":82,"column":11}},"24":{"start":{"line":84,"column":2},"end":{"line":84,"column":23}},"25":{"start":{"line":86,"column":2},"end":{"line":88,"column":11}},"26":{"start":{"line":90,"column":2},"end":{"line":90,"column":9}},"27":{"start":{"line":101,"column":0},"end":{"line":112,"column":3}},"28":{"start":{"line":102,"column":2},"end":{"line":105,"column":4}},"29":{"start":{"line":107,"column":2},"end":{"line":109,"column":4}},"30":{"start":{"line":108,"column":4},"end":{"line":108,"column":51}},"31":{"start":{"line":111,"column":2},"end":{"line":111,"column":9}},"32":{"start":{"line":114,"column":0},"end":{"line":120,"column":3}},"33":{"start":{"line":115,"column":2},"end":{"line":117,"column":4}},"34":{"start":{"line":116,"column":4},"end":{"line":116,"column":34}},"35":{"start":{"line":119,"column":2},"end":{"line":119,"column":9}},"36":{"start":{"line":122,"column":0},"end":{"line":122,"column":39}},"37":{"start":{"line":124,"column":0},"end":{"line":124,"column":70}},"38":{"start":{"line":127,"column":0},"end":{"line":127,"column":18}},"39":{"start":{"line":129,"column":0},"end":{"line":129,"column":25}}},"fnMap":{"0":{"name":"(anonymous_0)","decl":{"start":{"line":72,"column":8},"end":{"line":72,"column":9}},"loc":{"start":{"line":72,"column":26},"end":{"line":98,"column":1}},"line":72},"1":{"name":"(anonymous_1)","decl":{"start":{"line":101,"column":8},"end":{"line":101,"column":9}},"loc":{"start":{"line":101,"column":26},"end":{"line":112,"column":1}},"line":101},"2":{"name":"(anonymous_2)","decl":{"start":{"line":107,"column":23},"end":{"line":107,"column":24}},"loc":{"start":{"line":107,"column":40},"end":{"line":109,"column":3}},"line":107},"3":{"name":"(anonymous_3)","decl":{"start":{"line":114,"column":8},"end":{"line":114,"column":9}},"loc":{"start":{"line":114,"column":26},"end":{"line":120,"column":1}},"line":114},"4":{"name":"(anonymous_4)","decl":{"start":{"line":115,"column":23},"end":{"line":115,"column":24}},"loc":{"start":{"line":115,"column":29},"end":{"line":117,"column":3}},"line":115}},"branchMap":{"0":{"loc":{"start":{"line":50,"column":0},"end":{"line":54,"column":1}},"type":"if","locations":[{"start":{"line":50,"column":0},"end":{"line":54,"column":1}},{"start":{"line":50,"column":0},"end":{"line":54,"column":1}}],"line":50}},"s":{"0":0,"1":0,"2":0,"3":0,"4":0,"5":0,"6":0,"7":0,"8":0,"9":0,"10":0,"11":0,"12":0,"13":0,"14":0,"15":0,"16":0,"17":0,"18":0,"19":0,"20":0,"21":0,"22":0,"23":0,"24":0,"25":0,"26":0,"27":0,"28":0,"29":0,"30":0,"31":0,"32":0,"33":0,"34":0,"35":0,"36":0,"37":0,"38":0,"39":0},"f":{"0":0,"1":0,"2":0,"3":0,"4":0},"b":{"0":[0,0]},"all":true},"/home/stalwart/Documents/Codes/Fullstack/teletalk/teletalk-server/src/controllers/cellphoneControllers/addBlockCellphoneController.js":{"path":"/home/stalwart/Documents/Codes/Fullstack/teletalk/teletalk-server/src/controllers/cellphoneControllers/addBlockCellphoneController.js","statementMap":{"0":{"start":{"line":1,"column":35},"end":{"line":1,"column":79}},"1":{"start":{"line":4,"column":4},"end":{"line":4,"column":53}},"2":{"start":{"line":5,"column":28},"end":{"line":5,"column":73}},"3":{"start":{"line":7,"column":36},"end":{"line":31,"column":1}},"4":{"start":{"line":11,"column":2},"end":{"line":30,"column":3}},"5":{"start":{"line":15,"column":8},"end":{"line":15,"column":11}},"6":{"start":{"line":17,"column":23},"end":{"line":17,"column":64}},"7":{"start":{"line":19,"column":4},"end":{"line":19,"column":61}},"8":{"start":{"line":21,"column":4},"end":{"line":25,"column":9}},"9":{"start":{"line":27,"column":4},"end":{"line":27,"column":53}},"10":{"start":{"line":28,"column":4},"end":{"line":28,"column":30}},"11":{"start":{"line":29,"column":4},"end":{"line":29,"column":25}},"12":{"start":{"line":33,"column":0},"end":{"line":33,"column":49}}},"fnMap":{"0":{"name":"(anonymous_0)","decl":{"start":{"line":7,"column":36},"end":{"line":7,"column":37}},"loc":{"start":{"line":10,"column":5},"end":{"line":31,"column":1}},"line":10}},"branchMap":{"0":{"loc":{"start":{"line":8,"column":2},"end":{"line":8,"column":22}},"type":"default-arg","locations":[{"start":{"line":8,"column":8},"end":{"line":8,"column":22}}],"line":8},"1":{"loc":{"start":{"line":9,"column":2},"end":{"line":9,"column":23}},"type":"default-arg","locations":[{"start":{"line":9,"column":8},"end":{"line":9,"column":23}}],"line":9}},"s":{"0":0,"1":0,"2":0,"3":0,"4":0,"5":0,"6":0,"7":0,"8":0,"9":0,"10":0,"11":0,"12":0},"f":{"0":0},"b":{"0":[0],"1":[0]},"all":true},"/home/stalwart/Documents/Codes/Fullstack/teletalk/teletalk-server/src/controllers/cellphoneControllers/addContactCellphoneController.js":{"path":"/home/stalwart/Documents/Codes/Fullstack/teletalk/teletalk-server/src/controllers/cellphoneControllers/addContactCellphoneController.js","statementMap":{"0":{"start":{"line":1,"column":35},"end":{"line":1,"column":79}},"1":{"start":{"line":4,"column":4},"end":{"line":4,"column":53}},"2":{"start":{"line":5,"column":28},"end":{"line":5,"column":73}},"3":{"start":{"line":7,"column":38},"end":{"line":39,"column":1}},"4":{"start":{"line":11,"column":2},"end":{"line":38,"column":3}},"5":{"start":{"line":15,"column":8},"end":{"line":15,"column":11}},"6":{"start":{"line":17,"column":27},"end":{"line":17,"column":68}},"7":{"start":{"line":19,"column":27},"end":{"line":22,"column":5}},"8":{"start":{"line":24,"column":4},"end":{"line":33,"column":9}},"9":{"start":{"line":35,"column":4},"end":{"line":35,"column":55}},"10":{"start":{"line":36,"column":4},"end":{"line":36,"column":30}},"11":{"start":{"line":37,"column":4},"end":{"line":37,"column":25}},"12":{"start":{"line":41,"column":0},"end":{"line":41,"column":51}}},"fnMap":{"0":{"name":"(anonymous_0)","decl":{"start":{"line":7,"column":38},"end":{"line":7,"column":39}},"loc":{"start":{"line":10,"column":5},"end":{"line":39,"column":1}},"line":10}},"branchMap":{"0":{"loc":{"start":{"line":8,"column":2},"end":{"line":8,"column":22}},"type":"default-arg","locations":[{"start":{"line":8,"column":8},"end":{"line":8,"column":22}}],"line":8},"1":{"loc":{"start":{"line":9,"column":2},"end":{"line":9,"column":23}},"type":"default-arg","locations":[{"start":{"line":9,"column":8},"end":{"line":9,"column":23}}],"line":9}},"s":{"0":0,"1":0,"2":0,"3":0,"4":0,"5":0,"6":0,"7":0,"8":0,"9":0,"10":0,"11":0,"12":0},"f":{"0":0},"b":{"0":[0],"1":[0]},"all":true},"/home/stalwart/Documents/Codes/Fullstack/teletalk/teletalk-server/src/controllers/cellphoneControllers/editContactCellphoneController.js":{"path":"/home/stalwart/Documents/Codes/Fullstack/teletalk/teletalk-server/src/controllers/cellphoneControllers/editContactCellphoneController.js","statementMap":{"0":{"start":{"line":1,"column":35},"end":{"line":1,"column":79}},"1":{"start":{"line":2,"column":29},"end":{"line":2,"column":78}},"2":{"start":{"line":3,"column":28},"end":{"line":3,"column":73}},"3":{"start":{"line":5,"column":39},"end":{"line":32,"column":1}},"4":{"start":{"line":9,"column":2},"end":{"line":31,"column":3}},"5":{"start":{"line":13,"column":8},"end":{"line":13,"column":11}},"6":{"start":{"line":15,"column":27},"end":{"line":19,"column":5}},"7":{"start":{"line":21,"column":25},"end":{"line":21,"column":48}},"8":{"start":{"line":23,"column":4},"end":{"line":23,"column":70}},"9":{"start":{"line":25,"column":4},"end":{"line":27,"column":72}},"10":{"start":{"line":29,"column":4},"end":{"line":29,"column":30}},"11":{"start":{"line":30,"column":4},"end":{"line":30,"column":25}},"12":{"start":{"line":34,"column":0},"end":{"line":34,"column":52}}},"fnMap":{"0":{"name":"(anonymous_0)","decl":{"start":{"line":5,"column":39},"end":{"line":5,"column":40}},"loc":{"start":{"line":8,"column":5},"end":{"line":32,"column":1}},"line":8}},"branchMap":{"0":{"loc":{"start":{"line":6,"column":2},"end":{"line":6,"column":22}},"type":"default-arg","locations":[{"start":{"line":6,"column":8},"end":{"line":6,"column":22}}],"line":6},"1":{"loc":{"start":{"line":7,"column":2},"end":{"line":7,"column":23}},"type":"default-arg","locations":[{"start":{"line":7,"column":8},"end":{"line":7,"column":23}}],"line":7}},"s":{"0":0,"1":0,"2":0,"3":0,"4":0,"5":0,"6":0,"7":0,"8":0,"9":0,"10":0,"11":0,"12":0},"f":{"0":0},"b":{"0":[0],"1":[0]},"all":true},"/home/stalwart/Documents/Codes/Fullstack/teletalk/teletalk-server/src/controllers/cellphoneControllers/getContactsCellphoneController.js":{"path":"/home/stalwart/Documents/Codes/Fullstack/teletalk/teletalk-server/src/controllers/cellphoneControllers/getContactsCellphoneController.js","statementMap":{"0":{"start":{"line":1,"column":35},"end":{"line":1,"column":79}},"1":{"start":{"line":2,"column":28},"end":{"line":2,"column":77}},"2":{"start":{"line":3,"column":28},"end":{"line":3,"column":73}},"3":{"start":{"line":5,"column":39},"end":{"line":22,"column":1}},"4":{"start":{"line":9,"column":2},"end":{"line":21,"column":3}},"5":{"start":{"line":10,"column":28},"end":{"line":10,"column":31}},"6":{"start":{"line":12,"column":21},"end":{"line":12,"column":55}},"7":{"start":{"line":14,"column":4},"end":{"line":16,"column":26}},"8":{"start":{"line":18,"column":4},"end":{"line":18,"column":56}},"9":{"start":{"line":19,"column":4},"end":{"line":19,"column":30}},"10":{"start":{"line":20,"column":4},"end":{"line":20,"column":25}},"11":{"start":{"line":24,"column":0},"end":{"line":24,"column":52}}},"fnMap":{"0":{"name":"(anonymous_0)","decl":{"start":{"line":5,"column":39},"end":{"line":5,"column":40}},"loc":{"start":{"line":8,"column":5},"end":{"line":22,"column":1}},"line":8}},"branchMap":{"0":{"loc":{"start":{"line":6,"column":2},"end":{"line":6,"column":22}},"type":"default-arg","locations":[{"start":{"line":6,"column":8},"end":{"line":6,"column":22}}],"line":6},"1":{"loc":{"start":{"line":7,"column":2},"end":{"line":7,"column":23}},"type":"default-arg","locations":[{"start":{"line":7,"column":8},"end":{"line":7,"column":23}}],"line":7}},"s":{"0":0,"1":0,"2":0,"3":0,"4":0,"5":0,"6":0,"7":0,"8":0,"9":0,"10":0,"11":0},"f":{"0":0},"b":{"0":[0],"1":[0]},"all":true},"/home/stalwart/Documents/Codes/Fullstack/teletalk/teletalk-server/src/controllers/cellphoneControllers/removeBlockCellphoneController.js":{"path":"/home/stalwart/Documents/Codes/Fullstack/teletalk/teletalk-server/src/controllers/cellphoneControllers/removeBlockCellphoneController.js","statementMap":{"0":{"start":{"line":1,"column":35},"end":{"line":1,"column":79}},"1":{"start":{"line":4,"column":4},"end":{"line":4,"column":53}},"2":{"start":{"line":5,"column":28},"end":{"line":5,"column":73}},"3":{"start":{"line":7,"column":39},"end":{"line":30,"column":1}},"4":{"start":{"line":11,"column":2},"end":{"line":29,"column":3}},"5":{"start":{"line":15,"column":8},"end":{"line":15,"column":11}},"6":{"start":{"line":17,"column":27},"end":{"line":17,"column":68}},"7":{"start":{"line":19,"column":4},"end":{"line":19,"column":59}},"8":{"start":{"line":21,"column":4},"end":{"line":25,"column":9}},"9":{"start":{"line":27,"column":4},"end":{"line":27,"column":30}},"10":{"start":{"line":28,"column":4},"end":{"line":28,"column":25}},"11":{"start":{"line":32,"column":0},"end":{"line":32,"column":52}}},"fnMap":{"0":{"name":"(anonymous_0)","decl":{"start":{"line":7,"column":39},"end":{"line":7,"column":40}},"loc":{"start":{"line":10,"column":5},"end":{"line":30,"column":1}},"line":10}},"branchMap":{"0":{"loc":{"start":{"line":8,"column":2},"end":{"line":8,"column":22}},"type":"default-arg","locations":[{"start":{"line":8,"column":8},"end":{"line":8,"column":22}}],"line":8},"1":{"loc":{"start":{"line":9,"column":2},"end":{"line":9,"column":23}},"type":"default-arg","locations":[{"start":{"line":9,"column":8},"end":{"line":9,"column":23}}],"line":9}},"s":{"0":0,"1":0,"2":0,"3":0,"4":0,"5":0,"6":0,"7":0,"8":0,"9":0,"10":0,"11":0},"f":{"0":0},"b":{"0":[0],"1":[0]},"all":true},"/home/stalwart/Documents/Codes/Fullstack/teletalk/teletalk-server/src/controllers/cellphoneControllers/removeContactCellphoneController.js":{"path":"/home/stalwart/Documents/Codes/Fullstack/teletalk/teletalk-server/src/controllers/cellphoneControllers/removeContactCellphoneController.js","statementMap":{"0":{"start":{"line":1,"column":35},"end":{"line":1,"column":79}},"1":{"start":{"line":2,"column":30},"end":{"line":2,"column":79}},"2":{"start":{"line":3,"column":28},"end":{"line":3,"column":73}},"3":{"start":{"line":5,"column":41},"end":{"line":26,"column":1}},"4":{"start":{"line":9,"column":2},"end":{"line":25,"column":3}},"5":{"start":{"line":13,"column":8},"end":{"line":13,"column":11}},"6":{"start":{"line":15,"column":27},"end":{"line":15,"column":68}},"7":{"start":{"line":17,"column":4},"end":{"line":17,"column":57}},"8":{"start":{"line":19,"column":4},"end":{"line":21,"column":48}},"9":{"start":{"line":23,"column":4},"end":{"line":23,"column":30}},"10":{"start":{"line":24,"column":4},"end":{"line":24,"column":25}},"11":{"start":{"line":28,"column":0},"end":{"line":28,"column":54}}},"fnMap":{"0":{"name":"(anonymous_0)","decl":{"start":{"line":5,"column":41},"end":{"line":5,"column":42}},"loc":{"start":{"line":8,"column":5},"end":{"line":26,"column":1}},"line":8}},"branchMap":{"0":{"loc":{"start":{"line":6,"column":2},"end":{"line":6,"column":22}},"type":"default-arg","locations":[{"start":{"line":6,"column":8},"end":{"line":6,"column":22}}],"line":6},"1":{"loc":{"start":{"line":7,"column":2},"end":{"line":7,"column":23}},"type":"default-arg","locations":[{"start":{"line":7,"column":8},"end":{"line":7,"column":23}}],"line":7}},"s":{"0":0,"1":0,"2":0,"3":0,"4":0,"5":0,"6":0,"7":0,"8":0,"9":0,"10":0,"11":0},"f":{"0":0},"b":{"0":[0],"1":[0]},"all":true},"/home/stalwart/Documents/Codes/Fullstack/teletalk/teletalk-server/src/controllers/cellphoneControllers/searchCellphoneController.js":{"path":"/home/stalwart/Documents/Codes/Fullstack/teletalk/teletalk-server/src/controllers/cellphoneControllers/searchCellphoneController.js","statementMap":{"0":{"start":{"line":1,"column":34},"end":{"line":10,"column":1}},"1":{"start":{"line":5,"column":2},"end":{"line":9,"column":3}},"2":{"start":{"line":7,"column":4},"end":{"line":7,"column":30}},"3":{"start":{"line":8,"column":4},"end":{"line":8,"column":25}},"4":{"start":{"line":12,"column":0},"end":{"line":12,"column":47}}},"fnMap":{"0":{"name":"(anonymous_0)","decl":{"start":{"line":1,"column":34},"end":{"line":1,"column":35}},"loc":{"start":{"line":4,"column":5},"end":{"line":10,"column":1}},"line":4}},"branchMap":{"0":{"loc":{"start":{"line":2,"column":2},"end":{"line":2,"column":22}},"type":"default-arg","locations":[{"start":{"line":2,"column":8},"end":{"line":2,"column":22}}],"line":2},"1":{"loc":{"start":{"line":3,"column":2},"end":{"line":3,"column":23}},"type":"default-arg","locations":[{"start":{"line":3,"column":8},"end":{"line":3,"column":23}}],"line":3}},"s":{"0":0,"1":0,"2":0,"3":0,"4":0},"f":{"0":0},"b":{"0":[0],"1":[0]},"all":true},"/home/stalwart/Documents/Codes/Fullstack/teletalk/teletalk-server/src/controllers/cellphoneControllers/shareContactCellphoneController.js":{"path":"/home/stalwart/Documents/Codes/Fullstack/teletalk/teletalk-server/src/controllers/cellphoneControllers/shareContactCellphoneController.js","statementMap":{"0":{"start":{"line":1,"column":40},"end":{"line":11,"column":1}},"1":{"start":{"line":5,"column":2},"end":{"line":10,"column":3}},"2":{"start":{"line":7,"column":4},"end":{"line":7,"column":57}},"3":{"start":{"line":8,"column":4},"end":{"line":8,"column":30}},"4":{"start":{"line":9,"column":4},"end":{"line":9,"column":25}},"5":{"start":{"line":13,"column":0},"end":{"line":13,"column":53}}},"fnMap":{"0":{"name":"(anonymous_0)","decl":{"start":{"line":1,"column":40},"end":{"line":1,"column":41}},"loc":{"start":{"line":4,"column":5},"end":{"line":11,"column":1}},"line":4}},"branchMap":{"0":{"loc":{"start":{"line":2,"column":2},"end":{"line":2,"column":22}},"type":"default-arg","locations":[{"start":{"line":2,"column":8},"end":{"line":2,"column":22}}],"line":2},"1":{"loc":{"start":{"line":3,"column":2},"end":{"line":3,"column":23}},"type":"default-arg","locations":[{"start":{"line":3,"column":8},"end":{"line":3,"column":23}}],"line":3}},"s":{"0":0,"1":0,"2":0,"3":0,"4":0,"5":0},"f":{"0":0},"b":{"0":[0],"1":[0]},"all":true},"/home/stalwart/Documents/Codes/Fullstack/teletalk/teletalk-server/src/controllers/otherControllers/countriesOtherController.js":{"path":"/home/stalwart/Documents/Codes/Fullstack/teletalk/teletalk-server/src/controllers/otherControllers/countriesOtherController.js","statementMap":{"0":{"start":{"line":1,"column":35},"end":{"line":1,"column":79}},"1":{"start":{"line":2,"column":22},"end":{"line":2,"column":64}},"2":{"start":{"line":3,"column":24},"end":{"line":3,"column":65}},"3":{"start":{"line":5,"column":33},"end":{"line":18,"column":1}},"4":{"start":{"line":9,"column":2},"end":{"line":17,"column":3}},"5":{"start":{"line":10,"column":4},"end":{"line":12,"column":27}},"6":{"start":{"line":14,"column":4},"end":{"line":14,"column":49}},"7":{"start":{"line":15,"column":4},"end":{"line":15,"column":30}},"8":{"start":{"line":16,"column":4},"end":{"line":16,"column":25}},"9":{"start":{"line":20,"column":0},"end":{"line":20,"column":46}}},"fnMap":{"0":{"name":"(anonymous_0)","decl":{"start":{"line":5,"column":33},"end":{"line":5,"column":34}},"loc":{"start":{"line":8,"column":5},"end":{"line":18,"column":1}},"line":8}},"branchMap":{"0":{"loc":{"start":{"line":6,"column":2},"end":{"line":6,"column":22}},"type":"default-arg","locations":[{"start":{"line":6,"column":8},"end":{"line":6,"column":22}}],"line":6},"1":{"loc":{"start":{"line":7,"column":2},"end":{"line":7,"column":23}},"type":"default-arg","locations":[{"start":{"line":7,"column":8},"end":{"line":7,"column":23}}],"line":7}},"s":{"0":0,"1":0,"2":0,"3":0,"4":0,"5":0,"6":0,"7":0,"8":0,"9":0},"f":{"0":0},"b":{"0":[0],"1":[0]},"all":true},"/home/stalwart/Documents/Codes/Fullstack/teletalk/teletalk-server/src/controllers/otherControllers/welcomeOtherController.js":{"path":"/home/stalwart/Documents/Codes/Fullstack/teletalk/teletalk-server/src/controllers/otherControllers/welcomeOtherController.js","statementMap":{"0":{"start":{"line":1,"column":35},"end":{"line":1,"column":79}},"1":{"start":{"line":2,"column":24},"end":{"line":2,"column":65}},"2":{"start":{"line":4,"column":31},"end":{"line":17,"column":1}},"3":{"start":{"line":8,"column":2},"end":{"line":16,"column":3}},"4":{"start":{"line":9,"column":4},"end":{"line":11,"column":7}},"5":{"start":{"line":13,"column":4},"end":{"line":13,"column":43}},"6":{"start":{"line":14,"column":4},"end":{"line":14,"column":30}},"7":{"start":{"line":15,"column":4},"end":{"line":15,"column":25}},"8":{"start":{"line":19,"column":0},"end":{"line":19,"column":44}}},"fnMap":{"0":{"name":"(anonymous_0)","decl":{"start":{"line":4,"column":31},"end":{"line":4,"column":32}},"loc":{"start":{"line":7,"column":5},"end":{"line":17,"column":1}},"line":7}},"branchMap":{"0":{"loc":{"start":{"line":5,"column":2},"end":{"line":5,"column":22}},"type":"default-arg","locations":[{"start":{"line":5,"column":8},"end":{"line":5,"column":22}}],"line":5},"1":{"loc":{"start":{"line":6,"column":2},"end":{"line":6,"column":23}},"type":"default-arg","locations":[{"start":{"line":6,"column":8},"end":{"line":6,"column":23}}],"line":6}},"s":{"0":0,"1":0,"2":0,"3":0,"4":0,"5":0,"6":0,"7":0,"8":0},"f":{"0":0},"b":{"0":[0],"1":[0]},"all":true},"/home/stalwart/Documents/Codes/Fullstack/teletalk/teletalk-server/src/controllers/privateChatControllers/chatsLastMessageChatController.js":{"path":"/home/stalwart/Documents/Codes/Fullstack/teletalk/teletalk-server/src/controllers/privateChatControllers/chatsLastMessageChatController.js","statementMap":{"0":{"start":{"line":1,"column":35},"end":{"line":1,"column":79}},"1":{"start":{"line":5,"column":4},"end":{"line":5,"column":53}},"2":{"start":{"line":7,"column":30},"end":{"line":7,"column":77}},"3":{"start":{"line":9,"column":39},"end":{"line":28,"column":1}},"4":{"start":{"line":13,"column":2},"end":{"line":27,"column":3}},"5":{"start":{"line":14,"column":28},"end":{"line":14,"column":31}},"6":{"start":{"line":16,"column":34},"end":{"line":16,"column":73}},"7":{"start":{"line":18,"column":4},"end":{"line":22,"column":39}},"8":{"start":{"line":24,"column":4},"end":{"line":24,"column":56}},"9":{"start":{"line":25,"column":4},"end":{"line":25,"column":30}},"10":{"start":{"line":26,"column":4},"end":{"line":26,"column":25}},"11":{"start":{"line":30,"column":0},"end":{"line":30,"column":52}}},"fnMap":{"0":{"name":"(anonymous_0)","decl":{"start":{"line":9,"column":39},"end":{"line":9,"column":40}},"loc":{"start":{"line":12,"column":5},"end":{"line":28,"column":1}},"line":12}},"branchMap":{"0":{"loc":{"start":{"line":10,"column":2},"end":{"line":10,"column":22}},"type":"default-arg","locations":[{"start":{"line":10,"column":8},"end":{"line":10,"column":22}}],"line":10},"1":{"loc":{"start":{"line":11,"column":2},"end":{"line":11,"column":23}},"type":"default-arg","locations":[{"start":{"line":11,"column":8},"end":{"line":11,"column":23}}],"line":11}},"s":{"0":0,"1":0,"2":0,"3":0,"4":0,"5":0,"6":0,"7":0,"8":0,"9":0,"10":0,"11":0},"f":{"0":0},"b":{"0":[0],"1":[0]},"all":true},"/home/stalwart/Documents/Codes/Fullstack/teletalk/teletalk-server/src/controllers/privateChatControllers/getAllChatMessagesPrivateChatCRL.js":{"path":"/home/stalwart/Documents/Codes/Fullstack/teletalk/teletalk-server/src/controllers/privateChatControllers/getAllChatMessagesPrivateChatCRL.js","statementMap":{"0":{"start":{"line":1,"column":41},"end":{"line":11,"column":1}},"1":{"start":{"line":5,"column":2},"end":{"line":10,"column":3}},"2":{"start":{"line":7,"column":4},"end":{"line":7,"column":58}},"3":{"start":{"line":8,"column":4},"end":{"line":8,"column":30}},"4":{"start":{"line":9,"column":4},"end":{"line":9,"column":25}},"5":{"start":{"line":13,"column":0},"end":{"line":13,"column":54}}},"fnMap":{"0":{"name":"(anonymous_0)","decl":{"start":{"line":1,"column":41},"end":{"line":1,"column":42}},"loc":{"start":{"line":4,"column":5},"end":{"line":11,"column":1}},"line":4}},"branchMap":{"0":{"loc":{"start":{"line":2,"column":2},"end":{"line":2,"column":22}},"type":"default-arg","locations":[{"start":{"line":2,"column":8},"end":{"line":2,"column":22}}],"line":2},"1":{"loc":{"start":{"line":3,"column":2},"end":{"line":3,"column":23}},"type":"default-arg","locations":[{"start":{"line":3,"column":8},"end":{"line":3,"column":23}}],"line":3}},"s":{"0":0,"1":0,"2":0,"3":0,"4":0,"5":0},"f":{"0":0},"b":{"0":[0],"1":[0]},"all":true},"/home/stalwart/Documents/Codes/Fullstack/teletalk/teletalk-server/src/controllers/privateChatControllers/getAllChatsUserController.js":{"path":"/home/stalwart/Documents/Codes/Fullstack/teletalk/teletalk-server/src/controllers/privateChatControllers/getAllChatsUserController.js","statementMap":{"0":{"start":{"line":1,"column":35},"end":{"line":1,"column":79}},"1":{"start":{"line":2,"column":24},"end":{"line":2,"column":73}},"2":{"start":{"line":3,"column":30},"end":{"line":3,"column":77}},"3":{"start":{"line":5,"column":34},"end":{"line":22,"column":1}},"4":{"start":{"line":9,"column":2},"end":{"line":21,"column":3}},"5":{"start":{"line":10,"column":28},"end":{"line":10,"column":31}},"6":{"start":{"line":12,"column":18},"end":{"line":12,"column":48}},"7":{"start":{"line":14,"column":4},"end":{"line":16,"column":23}},"8":{"start":{"line":18,"column":4},"end":{"line":18,"column":51}},"9":{"start":{"line":19,"column":4},"end":{"line":19,"column":30}},"10":{"start":{"line":20,"column":4},"end":{"line":20,"column":25}},"11":{"start":{"line":24,"column":0},"end":{"line":24,"column":47}}},"fnMap":{"0":{"name":"(anonymous_0)","decl":{"start":{"line":5,"column":34},"end":{"line":5,"column":35}},"loc":{"start":{"line":8,"column":5},"end":{"line":22,"column":1}},"line":8}},"branchMap":{"0":{"loc":{"start":{"line":6,"column":2},"end":{"line":6,"column":22}},"type":"default-arg","locations":[{"start":{"line":6,"column":8},"end":{"line":6,"column":22}}],"line":6},"1":{"loc":{"start":{"line":7,"column":2},"end":{"line":7,"column":23}},"type":"default-arg","locations":[{"start":{"line":7,"column":8},"end":{"line":7,"column":23}}],"line":7}},"s":{"0":0,"1":0,"2":0,"3":0,"4":0,"5":0,"6":0,"7":0,"8":0,"9":0,"10":0,"11":0},"f":{"0":0},"b":{"0":[0],"1":[0]},"all":true},"/home/stalwart/Documents/Codes/Fullstack/teletalk/teletalk-server/src/controllers/privateChatControllers/getMessagesPrivateChatController.js":{"path":"/home/stalwart/Documents/Codes/Fullstack/teletalk/teletalk-server/src/controllers/privateChatControllers/getMessagesPrivateChatController.js","statementMap":{"0":{"start":{"line":1,"column":35},"end":{"line":1,"column":79}},"1":{"start":{"line":2,"column":25},"end":{"line":2,"column":69}},"2":{"start":{"line":6,"column":4},"end":{"line":6,"column":53}},"3":{"start":{"line":12,"column":4},"end":{"line":12,"column":44}},"4":{"start":{"line":13,"column":30},"end":{"line":13,"column":77}},"5":{"start":{"line":15,"column":41},"end":{"line":40,"column":1}},"6":{"start":{"line":19,"column":2},"end":{"line":39,"column":3}},"7":{"start":{"line":23,"column":8},"end":{"line":23,"column":11}},"8":{"start":{"line":25,"column":4},"end":{"line":25,"column":44}},"9":{"start":{"line":27,"column":32},"end":{"line":30,"column":5}},"10":{"start":{"line":32,"column":4},"end":{"line":34,"column":56}},"11":{"start":{"line":36,"column":4},"end":{"line":36,"column":58}},"12":{"start":{"line":37,"column":4},"end":{"line":37,"column":30}},"13":{"start":{"line":38,"column":4},"end":{"line":38,"column":25}},"14":{"start":{"line":42,"column":0},"end":{"line":42,"column":54}}},"fnMap":{"0":{"name":"(anonymous_0)","decl":{"start":{"line":15,"column":41},"end":{"line":15,"column":42}},"loc":{"start":{"line":18,"column":5},"end":{"line":40,"column":1}},"line":18}},"branchMap":{"0":{"loc":{"start":{"line":16,"column":2},"end":{"line":16,"column":22}},"type":"default-arg","locations":[{"start":{"line":16,"column":8},"end":{"line":16,"column":22}}],"line":16},"1":{"loc":{"start":{"line":17,"column":2},"end":{"line":17,"column":23}},"type":"default-arg","locations":[{"start":{"line":17,"column":8},"end":{"line":17,"column":23}}],"line":17}},"s":{"0":0,"1":0,"2":0,"3":0,"4":0,"5":0,"6":0,"7":0,"8":0,"9":0,"10":0,"11":0,"12":0,"13":0,"14":0},"f":{"0":0},"b":{"0":[0],"1":[0]},"all":true},"/home/stalwart/Documents/Codes/Fullstack/teletalk/teletalk-server/src/controllers/privateChatControllers/sendMessagePrivateChatController.js":{"path":"/home/stalwart/Documents/Codes/Fullstack/teletalk/teletalk-server/src/controllers/privateChatControllers/sendMessagePrivateChatController.js","statementMap":{"0":{"start":{"line":1,"column":35},"end":{"line":1,"column":79}},"1":{"start":{"line":2,"column":25},"end":{"line":2,"column":69}},"2":{"start":{"line":5,"column":4},"end":{"line":5,"column":53}},"3":{"start":{"line":11,"column":4},"end":{"line":11,"column":44}},"4":{"start":{"line":12,"column":30},"end":{"line":12,"column":77}},"5":{"start":{"line":14,"column":41},"end":{"line":40,"column":1}},"6":{"start":{"line":18,"column":2},"end":{"line":39,"column":3}},"7":{"start":{"line":22,"column":8},"end":{"line":22,"column":11}},"8":{"start":{"line":23,"column":4},"end":{"line":23,"column":58}},"9":{"start":{"line":24,"column":4},"end":{"line":24,"column":50}},"10":{"start":{"line":26,"column":35},"end":{"line":30,"column":5}},"11":{"start":{"line":32,"column":4},"end":{"line":34,"column":36}},"12":{"start":{"line":36,"column":4},"end":{"line":36,"column":64}},"13":{"start":{"line":37,"column":4},"end":{"line":37,"column":30}},"14":{"start":{"line":38,"column":4},"end":{"line":38,"column":25}},"15":{"start":{"line":42,"column":0},"end":{"line":42,"column":54}}},"fnMap":{"0":{"name":"(anonymous_0)","decl":{"start":{"line":14,"column":41},"end":{"line":14,"column":42}},"loc":{"start":{"line":17,"column":5},"end":{"line":40,"column":1}},"line":17}},"branchMap":{"0":{"loc":{"start":{"line":15,"column":2},"end":{"line":15,"column":22}},"type":"default-arg","locations":[{"start":{"line":15,"column":8},"end":{"line":15,"column":22}}],"line":15},"1":{"loc":{"start":{"line":16,"column":2},"end":{"line":16,"column":23}},"type":"default-arg","locations":[{"start":{"line":16,"column":8},"end":{"line":16,"column":23}}],"line":16}},"s":{"0":0,"1":0,"2":0,"3":0,"4":0,"5":0,"6":0,"7":0,"8":0,"9":0,"10":0,"11":0,"12":0,"13":0,"14":0,"15":0},"f":{"0":0},"b":{"0":[0],"1":[0]},"all":true},"/home/stalwart/Documents/Codes/Fullstack/teletalk/teletalk-server/src/controllers/privateChatControllers/startChatPrivateChatController.js":{"path":"/home/stalwart/Documents/Codes/Fullstack/teletalk/teletalk-server/src/controllers/privateChatControllers/startChatPrivateChatController.js","statementMap":{"0":{"start":{"line":5,"column":21},"end":{"line":5,"column":62}},"1":{"start":{"line":11,"column":4},"end":{"line":11,"column":44}},"2":{"start":{"line":16,"column":4},"end":{"line":16,"column":44}},"3":{"start":{"line":20,"column":4},"end":{"line":20,"column":56}},"4":{"start":{"line":26,"column":4},"end":{"line":26,"column":44}},"5":{"start":{"line":27,"column":25},"end":{"line":27,"column":69}},"6":{"start":{"line":28,"column":23},"end":{"line":28,"column":72}},"7":{"start":{"line":30,"column":39},"end":{"line":75,"column":1}},"8":{"start":{"line":34,"column":2},"end":{"line":74,"column":3}},"9":{"start":{"line":38,"column":8},"end":{"line":38,"column":11}},"10":{"start":{"line":40,"column":23},"end":{"line":40,"column":68}},"11":{"start":{"line":42,"column":4},"end":{"line":42,"column":46}},"12":{"start":{"line":45,"column":17},"end":{"line":49,"column":6}},"13":{"start":{"line":51,"column":4},"end":{"line":51,"column":35}},"14":{"start":{"line":53,"column":19},"end":{"line":53,"column":67}},"15":{"start":{"line":55,"column":24},"end":{"line":61,"column":6}},"16":{"start":{"line":63,"column":4},"end":{"line":63,"column":29}},"17":{"start":{"line":65,"column":4},"end":{"line":65,"column":50}},"18":{"start":{"line":66,"column":4},"end":{"line":66,"column":54}},"19":{"start":{"line":68,"column":4},"end":{"line":68,"column":49}},"20":{"start":{"line":70,"column":4},"end":{"line":70,"column":30}},"21":{"start":{"line":71,"column":4},"end":{"line":71,"column":68}},"22":{"start":{"line":73,"column":4},"end":{"line":73,"column":25}},"23":{"start":{"line":77,"column":0},"end":{"line":77,"column":52}}},"fnMap":{"0":{"name":"(anonymous_0)","decl":{"start":{"line":30,"column":39},"end":{"line":30,"column":40}},"loc":{"start":{"line":33,"column":5},"end":{"line":75,"column":1}},"line":33}},"branchMap":{"0":{"loc":{"start":{"line":31,"column":2},"end":{"line":31,"column":22}},"type":"default-arg","locations":[{"start":{"line":31,"column":8},"end":{"line":31,"column":22}}],"line":31},"1":{"loc":{"start":{"line":32,"column":2},"end":{"line":32,"column":23}},"type":"default-arg","locations":[{"start":{"line":32,"column":8},"end":{"line":32,"column":23}}],"line":32}},"s":{"0":0,"1":0,"2":0,"3":0,"4":0,"5":0,"6":0,"7":0,"8":0,"9":0,"10":0,"11":0,"12":0,"13":0,"14":0,"15":0,"16":0,"17":0,"18":0,"19":0,"20":0,"21":0,"22":0,"23":0},"f":{"0":0},"b":{"0":[0],"1":[0]},"all":true},"/home/stalwart/Documents/Codes/Fullstack/teletalk/teletalk-server/src/controllers/userControllers/createNewUserUserController.js":{"path":"/home/stalwart/Documents/Codes/Fullstack/teletalk/teletalk-server/src/controllers/userControllers/createNewUserUserController.js","statementMap":{"0":{"start":{"line":1,"column":21},"end":{"line":1,"column":62}},"1":{"start":{"line":2,"column":29},"end":{"line":2,"column":78}},"2":{"start":{"line":3,"column":24},"end":{"line":3,"column":68}},"3":{"start":{"line":4,"column":26},"end":{"line":4,"column":72}},"4":{"start":{"line":5,"column":27},"end":{"line":5,"column":71}},"5":{"start":{"line":10,"column":4},"end":{"line":10,"column":42}},"6":{"start":{"line":12,"column":27},"end":{"line":12,"column":72}},"7":{"start":{"line":13,"column":20},"end":{"line":13,"column":56}},"8":{"start":{"line":18,"column":4},"end":{"line":18,"column":44}},"9":{"start":{"line":22,"column":4},"end":{"line":22,"column":61}},"10":{"start":{"line":25,"column":4},"end":{"line":25,"column":60}},"11":{"start":{"line":26,"column":24},"end":{"line":26,"column":68}},"12":{"start":{"line":27,"column":23},"end":{"line":27,"column":72}},"13":{"start":{"line":30,"column":4},"end":{"line":30,"column":61}},"14":{"start":{"line":32,"column":36},"end":{"line":120,"column":1}},"15":{"start":{"line":36,"column":2},"end":{"line":119,"column":3}},"16":{"start":{"line":39,"column":8},"end":{"line":39,"column":11}},"17":{"start":{"line":41,"column":24},"end":{"line":41,"column":48}},"18":{"start":{"line":43,"column":4},"end":{"line":43,"column":47}},"19":{"start":{"line":44,"column":22},"end":{"line":47,"column":5}},"20":{"start":{"line":49,"column":19},"end":{"line":49,"column":21}},"21":{"start":{"line":51,"column":29},"end":{"line":51,"column":62}},"22":{"start":{"line":52,"column":28},"end":{"line":52,"column":59}},"23":{"start":{"line":54,"column":4},"end":{"line":54,"column":65}},"24":{"start":{"line":54,"column":35},"end":{"line":54,"column":65}},"25":{"start":{"line":55,"column":4},"end":{"line":55,"column":63}},"26":{"start":{"line":55,"column":34},"end":{"line":55,"column":63}},"27":{"start":{"line":57,"column":4},"end":{"line":57,"column":40}},"28":{"start":{"line":58,"column":54},"end":{"line":58,"column":71}},"29":{"start":{"line":60,"column":22},"end":{"line":60,"column":63}},"30":{"start":{"line":62,"column":19},"end":{"line":71,"column":6}},"31":{"start":{"line":63,"column":6},"end":{"line":70,"column":7}},"32":{"start":{"line":67,"column":8},"end":{"line":67,"column":20}},"33":{"start":{"line":69,"column":8},"end":{"line":69,"column":21}},"34":{"start":{"line":73,"column":4},"end":{"line":73,"column":42}},"35":{"start":{"line":75,"column":17},"end":{"line":75,"column":51}},"36":{"start":{"line":77,"column":4},"end":{"line":114,"column":5}},"37":{"start":{"line":78,"column":6},"end":{"line":81,"column":8}},"38":{"start":{"line":83,"column":6},"end":{"line":90,"column":9}},"39":{"start":{"line":91,"column":11},"end":{"line":114,"column":5}},"40":{"start":{"line":92,"column":24},"end":{"line":94,"column":7}},"41":{"start":{"line":96,"column":20},"end":{"line":98,"column":8}},"42":{"start":{"line":100,"column":23},"end":{"line":106,"column":7}},"43":{"start":{"line":108,"column":22},"end":{"line":108,"column":50}},"44":{"start":{"line":109,"column":6},"end":{"line":109,"column":27}},"45":{"start":{"line":111,"column":6},"end":{"line":113,"column":9}},"46":{"start":{"line":116,"column":4},"end":{"line":116,"column":53}},"47":{"start":{"line":117,"column":4},"end":{"line":117,"column":30}},"48":{"start":{"line":118,"column":4},"end":{"line":118,"column":25}},"49":{"start":{"line":122,"column":0},"end":{"line":122,"column":49}}},"fnMap":{"0":{"name":"(anonymous_0)","decl":{"start":{"line":32,"column":36},"end":{"line":32,"column":37}},"loc":{"start":{"line":35,"column":5},"end":{"line":120,"column":1}},"line":35},"1":{"name":"(anonymous_1)","decl":{"start":{"line":62,"column":45},"end":{"line":62,"column":46}},"loc":{"start":{"line":62,"column":57},"end":{"line":71,"column":5}},"line":62}},"branchMap":{"0":{"loc":{"start":{"line":33,"column":2},"end":{"line":33,"column":22}},"type":"default-arg","locations":[{"start":{"line":33,"column":8},"end":{"line":33,"column":22}}],"line":33},"1":{"loc":{"start":{"line":34,"column":2},"end":{"line":34,"column":23}},"type":"default-arg","locations":[{"start":{"line":34,"column":8},"end":{"line":34,"column":23}}],"line":34},"2":{"loc":{"start":{"line":54,"column":4},"end":{"line":54,"column":65}},"type":"if","locations":[{"start":{"line":54,"column":4},"end":{"line":54,"column":65}},{"start":{"line":54,"column":4},"end":{"line":54,"column":65}}],"line":54},"3":{"loc":{"start":{"line":55,"column":4},"end":{"line":55,"column":63}},"type":"if","locations":[{"start":{"line":55,"column":4},"end":{"line":55,"column":63}},{"start":{"line":55,"column":4},"end":{"line":55,"column":63}}],"line":55},"4":{"loc":{"start":{"line":63,"column":6},"end":{"line":70,"column":7}},"type":"if","locations":[{"start":{"line":63,"column":6},"end":{"line":70,"column":7}},{"start":{"line":63,"column":6},"end":{"line":70,"column":7}}],"line":63},"5":{"loc":{"start":{"line":64,"column":8},"end":{"line":65,"column":42}},"type":"binary-expr","locations":[{"start":{"line":64,"column":8},"end":{"line":64,"column":42}},{"start":{"line":65,"column":8},"end":{"line":65,"column":42}}],"line":64},"6":{"loc":{"start":{"line":77,"column":4},"end":{"line":114,"column":5}},"type":"if","locations":[{"start":{"line":77,"column":4},"end":{"line":114,"column":5}},{"start":{"line":77,"column":4},"end":{"line":114,"column":5}}],"line":77},"7":{"loc":{"start":{"line":91,"column":11},"end":{"line":114,"column":5}},"type":"if","locations":[{"start":{"line":91,"column":11},"end":{"line":114,"column":5}},{"start":{"line":91,"column":11},"end":{"line":114,"column":5}}],"line":91}},"s":{"0":0,"1":0,"2":0,"3":0,"4":0,"5":0,"6":0,"7":0,"8":0,"9":0,"10":0,"11":0,"12":0,"13":0,"14":0,"15":0,"16":0,"17":0,"18":0,"19":0,"20":0,"21":0,"22":0,"23":0,"24":0,"25":0,"26":0,"27":0,"28":0,"29":0,"30":0,"31":0,"32":0,"33":0,"34":0,"35":0,"36":0,"37":0,"38":0,"39":0,"40":0,"41":0,"42":0,"43":0,"44":0,"45":0,"46":0,"47":0,"48":0,"49":0},"f":{"0":0,"1":0},"b":{"0":[0],"1":[0],"2":[0,0],"3":[0,0],"4":[0,0],"5":[0,0],"6":[0,0],"7":[0,0]},"all":true},"/home/stalwart/Documents/Codes/Fullstack/teletalk/teletalk-server/src/controllers/userControllers/logoutNormalUserController.js":{"path":"/home/stalwart/Documents/Codes/Fullstack/teletalk/teletalk-server/src/controllers/userControllers/logoutNormalUserController.js","statementMap":{"0":{"start":{"line":1,"column":35},"end":{"line":12,"column":1}},"1":{"start":{"line":5,"column":2},"end":{"line":11,"column":3}},"2":{"start":{"line":6,"column":4},"end":{"line":6,"column":39}},"3":{"start":{"line":8,"column":4},"end":{"line":8,"column":52}},"4":{"start":{"line":9,"column":4},"end":{"line":9,"column":30}},"5":{"start":{"line":10,"column":4},"end":{"line":10,"column":25}},"6":{"start":{"line":14,"column":0},"end":{"line":14,"column":48}}},"fnMap":{"0":{"name":"(anonymous_0)","decl":{"start":{"line":1,"column":35},"end":{"line":1,"column":36}},"loc":{"start":{"line":4,"column":5},"end":{"line":12,"column":1}},"line":4}},"branchMap":{"0":{"loc":{"start":{"line":2,"column":2},"end":{"line":2,"column":22}},"type":"default-arg","locations":[{"start":{"line":2,"column":8},"end":{"line":2,"column":22}}],"line":2},"1":{"loc":{"start":{"line":3,"column":2},"end":{"line":3,"column":23}},"type":"default-arg","locations":[{"start":{"line":3,"column":8},"end":{"line":3,"column":23}}],"line":3}},"s":{"0":0,"1":0,"2":0,"3":0,"4":0,"5":0,"6":0},"f":{"0":0},"b":{"0":[0],"1":[0]},"all":true},"/home/stalwart/Documents/Codes/Fullstack/teletalk/teletalk-server/src/controllers/userControllers/signInNormalUserController.js":{"path":"/home/stalwart/Documents/Codes/Fullstack/teletalk/teletalk-server/src/controllers/userControllers/signInNormalUserController.js","statementMap":{"0":{"start":{"line":3,"column":4},"end":{"line":3,"column":54}},"1":{"start":{"line":4,"column":24},"end":{"line":4,"column":68}},"2":{"start":{"line":5,"column":35},"end":{"line":5,"column":79}},"3":{"start":{"line":6,"column":27},"end":{"line":6,"column":71}},"4":{"start":{"line":8,"column":20},"end":{"line":8,"column":56}},"5":{"start":{"line":13,"column":4},"end":{"line":13,"column":61}},"6":{"start":{"line":14,"column":23},"end":{"line":14,"column":63}},"7":{"start":{"line":17,"column":4},"end":{"line":17,"column":68}},"8":{"start":{"line":18,"column":20},"end":{"line":18,"column":58}},"9":{"start":{"line":20,"column":35},"end":{"line":94,"column":1}},"10":{"start":{"line":24,"column":2},"end":{"line":93,"column":3}},"11":{"start":{"line":25,"column":54},"end":{"line":25,"column":62}},"12":{"start":{"line":27,"column":22},"end":{"line":27,"column":63}},"13":{"start":{"line":29,"column":29},"end":{"line":29,"column":48}},"14":{"start":{"line":31,"column":4},"end":{"line":31,"column":54}},"15":{"start":{"line":33,"column":4},"end":{"line":45,"column":5}},"16":{"start":{"line":37,"column":6},"end":{"line":44,"column":8}},"17":{"start":{"line":47,"column":18},"end":{"line":50,"column":6}},"18":{"start":{"line":52,"column":19},"end":{"line":61,"column":6}},"19":{"start":{"line":53,"column":6},"end":{"line":60,"column":7}},"20":{"start":{"line":57,"column":8},"end":{"line":57,"column":20}},"21":{"start":{"line":59,"column":8},"end":{"line":59,"column":21}},"22":{"start":{"line":63,"column":4},"end":{"line":71,"column":5}},"23":{"start":{"line":64,"column":6},"end":{"line":64,"column":49}},"24":{"start":{"line":66,"column":6},"end":{"line":70,"column":9}},"25":{"start":{"line":73,"column":4},"end":{"line":73,"column":33}},"26":{"start":{"line":75,"column":25},"end":{"line":78,"column":5}},"27":{"start":{"line":80,"column":4},"end":{"line":84,"column":55}},"28":{"start":{"line":84,"column":6},"end":{"line":84,"column":55}},"29":{"start":{"line":86,"column":4},"end":{"line":88,"column":26}},"30":{"start":{"line":90,"column":4},"end":{"line":90,"column":67}},"31":{"start":{"line":91,"column":4},"end":{"line":91,"column":30}},"32":{"start":{"line":92,"column":4},"end":{"line":92,"column":25}},"33":{"start":{"line":96,"column":0},"end":{"line":96,"column":48}}},"fnMap":{"0":{"name":"(anonymous_0)","decl":{"start":{"line":20,"column":35},"end":{"line":20,"column":36}},"loc":{"start":{"line":23,"column":5},"end":{"line":94,"column":1}},"line":23},"1":{"name":"(anonymous_1)","decl":{"start":{"line":52,"column":45},"end":{"line":52,"column":46}},"loc":{"start":{"line":52,"column":57},"end":{"line":61,"column":5}},"line":52}},"branchMap":{"0":{"loc":{"start":{"line":21,"column":2},"end":{"line":21,"column":22}},"type":"default-arg","locations":[{"start":{"line":21,"column":8},"end":{"line":21,"column":22}}],"line":21},"1":{"loc":{"start":{"line":22,"column":2},"end":{"line":22,"column":23}},"type":"default-arg","locations":[{"start":{"line":22,"column":8},"end":{"line":22,"column":23}}],"line":22},"2":{"loc":{"start":{"line":33,"column":4},"end":{"line":45,"column":5}},"type":"if","locations":[{"start":{"line":33,"column":4},"end":{"line":45,"column":5}},{"start":{"line":33,"column":4},"end":{"line":45,"column":5}}],"line":33},"3":{"loc":{"start":{"line":53,"column":6},"end":{"line":60,"column":7}},"type":"if","locations":[{"start":{"line":53,"column":6},"end":{"line":60,"column":7}},{"start":{"line":53,"column":6},"end":{"line":60,"column":7}}],"line":53},"4":{"loc":{"start":{"line":54,"column":8},"end":{"line":55,"column":42}},"type":"binary-expr","locations":[{"start":{"line":54,"column":8},"end":{"line":54,"column":42}},{"start":{"line":55,"column":8},"end":{"line":55,"column":42}}],"line":54},"5":{"loc":{"start":{"line":63,"column":4},"end":{"line":71,"column":5}},"type":"if","locations":[{"start":{"line":63,"column":4},"end":{"line":71,"column":5}},{"start":{"line":63,"column":4},"end":{"line":71,"column":5}}],"line":63},"6":{"loc":{"start":{"line":80,"column":4},"end":{"line":84,"column":55}},"type":"if","locations":[{"start":{"line":80,"column":4},"end":{"line":84,"column":55}},{"start":{"line":80,"column":4},"end":{"line":84,"column":55}}],"line":80}},"s":{"0":0,"1":0,"2":0,"3":0,"4":0,"5":0,"6":0,"7":0,"8":0,"9":0,"10":0,"11":0,"12":0,"13":0,"14":0,"15":0,"16":0,"17":0,"18":0,"19":0,"20":0,"21":0,"22":0,"23":0,"24":0,"25":0,"26":0,"27":0,"28":0,"29":0,"30":0,"31":0,"32":0,"33":0},"f":{"0":0,"1":0},"b":{"0":[0],"1":[0],"2":[0,0],"3":[0,0],"4":[0,0],"5":[0,0],"6":[0,0]},"all":true},"/home/stalwart/Documents/Codes/Fullstack/teletalk/teletalk-server/src/controllers/userControllers/statusCheckUserController.js":{"path":"/home/stalwart/Documents/Codes/Fullstack/teletalk/teletalk-server/src/controllers/userControllers/statusCheckUserController.js","statementMap":{"0":{"start":{"line":1,"column":26},"end":{"line":1,"column":72}},"1":{"start":{"line":5,"column":4},"end":{"line":5,"column":61}},"2":{"start":{"line":11,"column":4},"end":{"line":11,"column":44}},"3":{"start":{"line":12,"column":29},"end":{"line":12,"column":78}},"4":{"start":{"line":14,"column":24},"end":{"line":14,"column":46}},"5":{"start":{"line":18,"column":4},"end":{"line":18,"column":42}},"6":{"start":{"line":19,"column":23},"end":{"line":19,"column":72}},"7":{"start":{"line":21,"column":34},"end":{"line":53,"column":1}},"8":{"start":{"line":25,"column":2},"end":{"line":52,"column":3}},"9":{"start":{"line":26,"column":22},"end":{"line":26,"column":46}},"10":{"start":{"line":28,"column":4},"end":{"line":28,"column":45}},"11":{"start":{"line":30,"column":22},"end":{"line":30,"column":52}},"12":{"start":{"line":32,"column":54},"end":{"line":32,"column":71}},"13":{"start":{"line":34,"column":22},"end":{"line":34,"column":63}},"14":{"start":{"line":36,"column":31},"end":{"line":36,"column":66}},"15":{"start":{"line":38,"column":4},"end":{"line":38,"column":58}},"16":{"start":{"line":39,"column":17},"end":{"line":39,"column":44}},"17":{"start":{"line":41,"column":4},"end":{"line":41,"column":40}},"18":{"start":{"line":43,"column":25},"end":{"line":43,"column":51}},"19":{"start":{"line":45,"column":4},"end":{"line":45,"column":34}},"20":{"start":{"line":47,"column":4},"end":{"line":47,"column":45}},"21":{"start":{"line":49,"column":4},"end":{"line":49,"column":51}},"22":{"start":{"line":50,"column":4},"end":{"line":50,"column":61}},"23":{"start":{"line":51,"column":4},"end":{"line":51,"column":25}},"24":{"start":{"line":55,"column":0},"end":{"line":55,"column":47}}},"fnMap":{"0":{"name":"(anonymous_0)","decl":{"start":{"line":21,"column":34},"end":{"line":21,"column":35}},"loc":{"start":{"line":24,"column":5},"end":{"line":53,"column":1}},"line":24}},"branchMap":{"0":{"loc":{"start":{"line":22,"column":2},"end":{"line":22,"column":22}},"type":"default-arg","locations":[{"start":{"line":22,"column":8},"end":{"line":22,"column":22}}],"line":22},"1":{"loc":{"start":{"line":23,"column":2},"end":{"line":23,"column":23}},"type":"default-arg","locations":[{"start":{"line":23,"column":8},"end":{"line":23,"column":23}}],"line":23}},"s":{"0":0,"1":0,"2":0,"3":0,"4":0,"5":0,"6":0,"7":0,"8":0,"9":0,"10":0,"11":0,"12":0,"13":0,"14":0,"15":0,"16":0,"17":0,"18":0,"19":0,"20":0,"21":0,"22":0,"23":0,"24":0},"f":{"0":0},"b":{"0":[0],"1":[0]},"all":true},"/home/stalwart/Documents/Codes/Fullstack/teletalk/teletalk-server/src/controllers/userControllers/verifySignInNormalUserController.js":{"path":"/home/stalwart/Documents/Codes/Fullstack/teletalk/teletalk-server/src/controllers/userControllers/verifySignInNormalUserController.js","statementMap":{"0":{"start":{"line":1,"column":26},"end":{"line":1,"column":72}},"1":{"start":{"line":2,"column":29},"end":{"line":2,"column":78}},"2":{"start":{"line":3,"column":20},"end":{"line":3,"column":56}},"3":{"start":{"line":4,"column":27},"end":{"line":4,"column":71}},"4":{"start":{"line":10,"column":4},"end":{"line":10,"column":44}},"5":{"start":{"line":15,"column":4},"end":{"line":15,"column":42}},"6":{"start":{"line":18,"column":4},"end":{"line":18,"column":61}},"7":{"start":{"line":20,"column":27},"end":{"line":20,"column":72}},"8":{"start":{"line":21,"column":23},"end":{"line":21,"column":72}},"9":{"start":{"line":23,"column":41},"end":{"line":76,"column":1}},"10":{"start":{"line":27,"column":2},"end":{"line":75,"column":3}},"11":{"start":{"line":30,"column":8},"end":{"line":30,"column":11}},"12":{"start":{"line":32,"column":4},"end":{"line":32,"column":38}},"13":{"start":{"line":33,"column":24},"end":{"line":33,"column":48}},"14":{"start":{"line":34,"column":4},"end":{"line":34,"column":47}},"15":{"start":{"line":35,"column":22},"end":{"line":38,"column":5}},"16":{"start":{"line":39,"column":54},"end":{"line":39,"column":71}},"17":{"start":{"line":40,"column":22},"end":{"line":40,"column":63}},"18":{"start":{"line":41,"column":19},"end":{"line":50,"column":6}},"19":{"start":{"line":42,"column":6},"end":{"line":49,"column":7}},"20":{"start":{"line":46,"column":8},"end":{"line":46,"column":20}},"21":{"start":{"line":48,"column":8},"end":{"line":48,"column":21}},"22":{"start":{"line":51,"column":4},"end":{"line":51,"column":42}},"23":{"start":{"line":52,"column":4},"end":{"line":55,"column":6}},"24":{"start":{"line":56,"column":17},"end":{"line":56,"column":51}},"25":{"start":{"line":57,"column":4},"end":{"line":70,"column":5}},"26":{"start":{"line":58,"column":27},"end":{"line":58,"column":53}},"27":{"start":{"line":59,"column":6},"end":{"line":62,"column":8}},"28":{"start":{"line":63,"column":6},"end":{"line":65,"column":70}},"29":{"start":{"line":66,"column":11},"end":{"line":70,"column":5}},"30":{"start":{"line":67,"column":6},"end":{"line":69,"column":9}},"31":{"start":{"line":72,"column":4},"end":{"line":72,"column":58}},"32":{"start":{"line":73,"column":4},"end":{"line":73,"column":30}},"33":{"start":{"line":74,"column":4},"end":{"line":74,"column":25}},"34":{"start":{"line":78,"column":0},"end":{"line":78,"column":54}}},"fnMap":{"0":{"name":"(anonymous_0)","decl":{"start":{"line":23,"column":41},"end":{"line":23,"column":42}},"loc":{"start":{"line":26,"column":5},"end":{"line":76,"column":1}},"line":26},"1":{"name":"(anonymous_1)","decl":{"start":{"line":41,"column":45},"end":{"line":41,"column":46}},"loc":{"start":{"line":41,"column":57},"end":{"line":50,"column":5}},"line":41}},"branchMap":{"0":{"loc":{"start":{"line":24,"column":2},"end":{"line":24,"column":22}},"type":"default-arg","locations":[{"start":{"line":24,"column":8},"end":{"line":24,"column":22}}],"line":24},"1":{"loc":{"start":{"line":25,"column":2},"end":{"line":25,"column":23}},"type":"default-arg","locations":[{"start":{"line":25,"column":8},"end":{"line":25,"column":23}}],"line":25},"2":{"loc":{"start":{"line":42,"column":6},"end":{"line":49,"column":7}},"type":"if","locations":[{"start":{"line":42,"column":6},"end":{"line":49,"column":7}},{"start":{"line":42,"column":6},"end":{"line":49,"column":7}}],"line":42},"3":{"loc":{"start":{"line":43,"column":8},"end":{"line":44,"column":42}},"type":"binary-expr","locations":[{"start":{"line":43,"column":8},"end":{"line":43,"column":42}},{"start":{"line":44,"column":8},"end":{"line":44,"column":42}}],"line":43},"4":{"loc":{"start":{"line":57,"column":4},"end":{"line":70,"column":5}},"type":"if","locations":[{"start":{"line":57,"column":4},"end":{"line":70,"column":5}},{"start":{"line":57,"column":4},"end":{"line":70,"column":5}}],"line":57},"5":{"loc":{"start":{"line":66,"column":11},"end":{"line":70,"column":5}},"type":"if","locations":[{"start":{"line":66,"column":11},"end":{"line":70,"column":5}},{"start":{"line":66,"column":11},"end":{"line":70,"column":5}}],"line":66}},"s":{"0":0,"1":0,"2":0,"3":0,"4":0,"5":0,"6":0,"7":0,"8":0,"9":0,"10":0,"11":0,"12":0,"13":0,"14":0,"15":0,"16":0,"17":0,"18":0,"19":0,"20":0,"21":0,"22":0,"23":0,"24":0,"25":0,"26":0,"27":0,"28":0,"29":0,"30":0,"31":0,"32":0,"33":0,"34":0},"f":{"0":0,"1":0},"b":{"0":[0],"1":[0],"2":[0,0],"3":[0,0],"4":[0,0],"5":[0,0]},"all":true},"/home/stalwart/Documents/Codes/Fullstack/teletalk/teletalk-server/src/controllers/versionControlControllers/getAllStuffVersionControlController.js":{"path":"/home/stalwart/Documents/Codes/Fullstack/teletalk/teletalk-server/src/controllers/versionControlControllers/getAllStuffVersionControlController.js","statementMap":{"0":{"start":{"line":1,"column":21},"end":{"line":1,"column":58}},"1":{"start":{"line":3,"column":44},"end":{"line":14,"column":1}},"2":{"start":{"line":7,"column":2},"end":{"line":13,"column":3}},"3":{"start":{"line":8,"column":4},"end":{"line":8,"column":35}},"4":{"start":{"line":10,"column":4},"end":{"line":10,"column":61}},"5":{"start":{"line":11,"column":4},"end":{"line":11,"column":30}},"6":{"start":{"line":12,"column":4},"end":{"line":12,"column":25}},"7":{"start":{"line":16,"column":0},"end":{"line":16,"column":57}}},"fnMap":{"0":{"name":"(anonymous_0)","decl":{"start":{"line":3,"column":44},"end":{"line":3,"column":45}},"loc":{"start":{"line":6,"column":5},"end":{"line":14,"column":1}},"line":6}},"branchMap":{"0":{"loc":{"start":{"line":4,"column":2},"end":{"line":4,"column":22}},"type":"default-arg","locations":[{"start":{"line":4,"column":8},"end":{"line":4,"column":22}}],"line":4},"1":{"loc":{"start":{"line":5,"column":2},"end":{"line":5,"column":23}},"type":"default-arg","locations":[{"start":{"line":5,"column":8},"end":{"line":5,"column":23}}],"line":5}},"s":{"0":0,"1":0,"2":0,"3":0,"4":0,"5":0,"6":0,"7":0},"f":{"0":0},"b":{"0":[0],"1":[0]},"all":true},"/home/stalwart/Documents/Codes/Fullstack/teletalk/teletalk-server/src/functions/helpers/targetFinder.js":{"path":"/home/stalwart/Documents/Codes/Fullstack/teletalk/teletalk-server/src/functions/helpers/targetFinder.js","statementMap":{"0":{"start":{"line":3,"column":4},"end":{"line":3,"column":56}},"1":{"start":{"line":4,"column":27},"end":{"line":4,"column":72}},"2":{"start":{"line":5,"column":25},"end":{"line":5,"column":69}},"3":{"start":{"line":7,"column":15},"end":{"line":7,"column":51}},"4":{"start":{"line":9,"column":23},"end":{"line":13,"column":1}},"5":{"start":{"line":15,"column":21},"end":{"line":30,"column":1}},"6":{"start":{"line":16,"column":2},"end":{"line":29,"column":3}},"7":{"start":{"line":17,"column":4},"end":{"line":17,"column":65}},"8":{"start":{"line":18,"column":23},"end":{"line":21,"column":5}},"9":{"start":{"line":23,"column":4},"end":{"line":25,"column":7}},"10":{"start":{"line":27,"column":4},"end":{"line":27,"column":42}},"11":{"start":{"line":28,"column":4},"end":{"line":28,"column":31}},"12":{"start":{"line":32,"column":0},"end":{"line":32,"column":34}}},"fnMap":{"0":{"name":"(anonymous_0)","decl":{"start":{"line":15,"column":21},"end":{"line":15,"column":22}},"loc":{"start":{"line":15,"column":54},"end":{"line":30,"column":1}},"line":15}},"branchMap":{"0":{"loc":{"start":{"line":15,"column":28},"end":{"line":15,"column":49}},"type":"default-arg","locations":[{"start":{"line":15,"column":35},"end":{"line":15,"column":49}}],"line":15}},"s":{"0":0,"1":0,"2":0,"3":0,"4":0,"5":0,"6":0,"7":0,"8":0,"9":0,"10":0,"11":0,"12":0},"f":{"0":0},"b":{"0":[0]},"all":true},"/home/stalwart/Documents/Codes/Fullstack/teletalk/teletalk-server/src/functions/tools/Clients.js":{"path":"/home/stalwart/Documents/Codes/Fullstack/teletalk/teletalk-server/src/functions/tools/Clients.js","statementMap":{"0":{"start":{"line":3,"column":4},"end":{"line":3,"column":27}},"1":{"start":{"line":7,"column":4},"end":{"line":7,"column":35}},"2":{"start":{"line":11,"column":16},"end":{"line":11,"column":29}},"3":{"start":{"line":13,"column":0},"end":{"line":13,"column":29}}},"fnMap":{"0":{"name":"(anonymous_0)","decl":{"start":{"line":2,"column":2},"end":{"line":2,"column":3}},"loc":{"start":{"line":2,"column":16},"end":{"line":4,"column":3}},"line":2},"1":{"name":"(anonymous_1)","decl":{"start":{"line":6,"column":2},"end":{"line":6,"column":3}},"loc":{"start":{"line":6,"column":20},"end":{"line":8,"column":3}},"line":6}},"branchMap":{},"s":{"0":0,"1":0,"2":0,"3":0},"f":{"0":0,"1":0},"b":{},"all":true},"/home/stalwart/Documents/Codes/Fullstack/teletalk/teletalk-server/src/functions/tools/smsClient.js":{"path":"/home/stalwart/Documents/Codes/Fullstack/teletalk/teletalk-server/src/functions/tools/smsClient.js","statementMap":{"0":{"start":{"line":1,"column":23},"end":{"line":1,"column":45}},"1":{"start":{"line":3,"column":41},"end":{"line":3,"column":76}},"2":{"start":{"line":7,"column":4},"end":{"line":7,"column":61}},"3":{"start":{"line":9,"column":17},"end":{"line":9,"column":69}},"4":{"start":{"line":10,"column":17},"end":{"line":10,"column":69}},"5":{"start":{"line":12,"column":12},"end":{"line":12,"column":50}},"6":{"start":{"line":14,"column":12},"end":{"line":14,"column":21}},"7":{"start":{"line":16,"column":18},"end":{"line":24,"column":1}},"8":{"start":{"line":17,"column":2},"end":{"line":23,"column":3}},"9":{"start":{"line":18,"column":19},"end":{"line":18,"column":58}},"10":{"start":{"line":20,"column":4},"end":{"line":20,"column":18}},"11":{"start":{"line":22,"column":4},"end":{"line":22,"column":31}},"12":{"start":{"line":26,"column":16},"end":{"line":36,"column":1}},"13":{"start":{"line":27,"column":15},"end":{"line":27,"column":31}},"14":{"start":{"line":28,"column":13},"end":{"line":28,"column":44}},"15":{"start":{"line":30,"column":20},"end":{"line":30,"column":55}},"16":{"start":{"line":32,"column":2},"end":{"line":35,"column":4}},"17":{"start":{"line":38,"column":0},"end":{"line":38,"column":40}}},"fnMap":{"0":{"name":"(anonymous_0)","decl":{"start":{"line":16,"column":18},"end":{"line":16,"column":19}},"loc":{"start":{"line":16,"column":65},"end":{"line":24,"column":1}},"line":16},"1":{"name":"(anonymous_1)","decl":{"start":{"line":26,"column":16},"end":{"line":26,"column":17}},"loc":{"start":{"line":26,"column":58},"end":{"line":36,"column":1}},"line":26}},"branchMap":{"0":{"loc":{"start":{"line":16,"column":43},"end":{"line":16,"column":58}},"type":"default-arg","locations":[{"start":{"line":16,"column":53},"end":{"line":16,"column":58}}],"line":16},"1":{"loc":{"start":{"line":33,"column":4},"end":{"line":33,"column":66}},"type":"binary-expr","locations":[{"start":{"line":33,"column":4},"end":{"line":33,"column":36}},{"start":{"line":33,"column":40},"end":{"line":33,"column":66}}],"line":33}},"s":{"0":0,"1":0,"2":0,"3":0,"4":0,"5":0,"6":0,"7":0,"8":0,"9":0,"10":0,"11":0,"12":0,"13":0,"14":0,"15":0,"16":0,"17":0},"f":{"0":0,"1":0},"b":{"0":[0],"1":[0,0]},"all":true},"/home/stalwart/Documents/Codes/Fullstack/teletalk/teletalk-server/src/functions/utilities/cellphoneFinder.js":{"path":"/home/stalwart/Documents/Codes/Fullstack/teletalk/teletalk-server/src/functions/utilities/cellphoneFinder.js","statementMap":{"0":{"start":{"line":4,"column":4},"end":{"line":4,"column":42}},"1":{"start":{"line":6,"column":24},"end":{"line":18,"column":1}},"2":{"start":{"line":7,"column":23},"end":{"line":7,"column":25}},"3":{"start":{"line":9,"column":2},"end":{"line":17,"column":3}},"4":{"start":{"line":10,"column":22},"end":{"line":13,"column":6}},"5":{"start":{"line":11,"column":6},"end":{"line":11,"column":29}},"6":{"start":{"line":12,"column":6},"end":{"line":12,"column":68}},"7":{"start":{"line":14,"column":4},"end":{"line":14,"column":41}},"8":{"start":{"line":16,"column":4},"end":{"line":16,"column":31}},"9":{"start":{"line":20,"column":0},"end":{"line":20,"column":37}}},"fnMap":{"0":{"name":"(anonymous_0)","decl":{"start":{"line":6,"column":24},"end":{"line":6,"column":25}},"loc":{"start":{"line":6,"column":57},"end":{"line":18,"column":1}},"line":6},"1":{"name":"(anonymous_1)","decl":{"start":{"line":10,"column":38},"end":{"line":10,"column":39}},"loc":{"start":{"line":10,"column":60},"end":{"line":13,"column":5}},"line":10}},"branchMap":{},"s":{"0":0,"1":0,"2":0,"3":0,"4":0,"5":0,"6":0,"7":0,"8":0,"9":0},"f":{"0":0,"1":0},"b":{},"all":true},"/home/stalwart/Documents/Codes/Fullstack/teletalk/teletalk-server/src/functions/utilities/generators.js":{"path":"/home/stalwart/Documents/Codes/Fullstack/teletalk/teletalk-server/src/functions/utilities/generators.js","statementMap":{"0":{"start":{"line":1,"column":26},"end":{"line":1,"column":72}},"1":{"start":{"line":2,"column":25},"end":{"line":2,"column":69}},"2":{"start":{"line":6,"column":4},"end":{"line":6,"column":63}},"3":{"start":{"line":9,"column":2},"end":{"line":9,"column":14}},"4":{"start":{"line":11,"column":23},"end":{"line":28,"column":1}},"5":{"start":{"line":12,"column":2},"end":{"line":27,"column":3}},"6":{"start":{"line":13,"column":4},"end":{"line":19,"column":7}},"7":{"start":{"line":21,"column":4},"end":{"line":24,"column":6}},"8":{"start":{"line":26,"column":4},"end":{"line":26,"column":54}},"9":{"start":{"line":30,"column":23},"end":{"line":47,"column":1}},"10":{"start":{"line":31,"column":2},"end":{"line":46,"column":3}},"11":{"start":{"line":32,"column":4},"end":{"line":37,"column":7}},"12":{"start":{"line":39,"column":4},"end":{"line":42,"column":6}},"13":{"start":{"line":44,"column":4},"end":{"line":44,"column":54}},"14":{"start":{"line":45,"column":4},"end":{"line":45,"column":31}},"15":{"start":{"line":49,"column":40},"end":{"line":77,"column":1}},"16":{"start":{"line":59,"column":2},"end":{"line":76,"column":3}},"17":{"start":{"line":60,"column":19},"end":{"line":69,"column":5}},"18":{"start":{"line":71,"column":24},"end":{"line":71,"column":45}},"19":{"start":{"line":73,"column":4},"end":{"line":73,"column":23}},"20":{"start":{"line":75,"column":4},"end":{"line":75,"column":71}},"21":{"start":{"line":79,"column":23},"end":{"line":109,"column":1}},"22":{"start":{"line":91,"column":2},"end":{"line":108,"column":3}},"23":{"start":{"line":92,"column":4},"end":{"line":105,"column":6}},"24":{"start":{"line":107,"column":4},"end":{"line":107,"column":54}},"25":{"start":{"line":111,"column":31},"end":{"line":126,"column":1}},"26":{"start":{"line":115,"column":2},"end":{"line":125,"column":3}},"27":{"start":{"line":116,"column":4},"end":{"line":116,"column":72}},"28":{"start":{"line":118,"column":4},"end":{"line":121,"column":6}},"29":{"start":{"line":123,"column":4},"end":{"line":123,"column":62}},"30":{"start":{"line":124,"column":4},"end":{"line":124,"column":31}},"31":{"start":{"line":128,"column":0},"end":{"line":134,"column":2}}},"fnMap":{"0":{"name":"(anonymous_0)","decl":{"start":{"line":11,"column":23},"end":{"line":11,"column":24}},"loc":{"start":{"line":11,"column":76},"end":{"line":28,"column":1}},"line":11},"1":{"name":"(anonymous_1)","decl":{"start":{"line":30,"column":23},"end":{"line":30,"column":24}},"loc":{"start":{"line":30,"column":79},"end":{"line":47,"column":1}},"line":30},"2":{"name":"(anonymous_2)","decl":{"start":{"line":49,"column":40},"end":{"line":49,"column":41}},"loc":{"start":{"line":58,"column":5},"end":{"line":77,"column":1}},"line":58},"3":{"name":"(anonymous_3)","decl":{"start":{"line":79,"column":23},"end":{"line":79,"column":24}},"loc":{"start":{"line":90,"column":5},"end":{"line":109,"column":1}},"line":90},"4":{"name":"(anonymous_4)","decl":{"start":{"line":111,"column":31},"end":{"line":111,"column":32}},"loc":{"start":{"line":114,"column":5},"end":{"line":126,"column":1}},"line":114}},"branchMap":{"0":{"loc":{"start":{"line":13,"column":17},"end":{"line":13,"column":65}},"type":"binary-expr","locations":[{"start":{"line":13,"column":17},"end":{"line":13,"column":27}},{"start":{"line":13,"column":31},"end":{"line":13,"column":42}},{"start":{"line":13,"column":46},"end":{"line":13,"column":53}},{"start":{"line":13,"column":57},"end":{"line":13,"column":65}}],"line":13},"1":{"loc":{"start":{"line":30,"column":58},"end":{"line":30,"column":74}},"type":"default-arg","locations":[{"start":{"line":30,"column":72},"end":{"line":30,"column":74}}],"line":30},"2":{"loc":{"start":{"line":32,"column":17},"end":{"line":32,"column":59}},"type":"binary-expr","locations":[{"start":{"line":32,"column":17},"end":{"line":32,"column":24}},{"start":{"line":32,"column":28},"end":{"line":32,"column":32}},{"start":{"line":32,"column":36},"end":{"line":32,"column":47}},{"start":{"line":32,"column":51},"end":{"line":32,"column":59}}],"line":32},"3":{"loc":{"start":{"line":80,"column":2},"end":{"line":80,"column":45}},"type":"default-arg","locations":[{"start":{"line":80,"column":14},"end":{"line":80,"column":45}}],"line":80},"4":{"loc":{"start":{"line":81,"column":2},"end":{"line":81,"column":45}},"type":"default-arg","locations":[{"start":{"line":81,"column":14},"end":{"line":81,"column":45}}],"line":81},"5":{"loc":{"start":{"line":82,"column":2},"end":{"line":82,"column":44}},"type":"default-arg","locations":[{"start":{"line":82,"column":13},"end":{"line":82,"column":44}}],"line":82},"6":{"loc":{"start":{"line":83,"column":2},"end":{"line":83,"column":40}},"type":"default-arg","locations":[{"start":{"line":83,"column":9},"end":{"line":83,"column":40}}],"line":83},"7":{"loc":{"start":{"line":84,"column":2},"end":{"line":84,"column":40}},"type":"default-arg","locations":[{"start":{"line":84,"column":9},"end":{"line":84,"column":40}}],"line":84},"8":{"loc":{"start":{"line":85,"column":2},"end":{"line":85,"column":42}},"type":"default-arg","locations":[{"start":{"line":85,"column":11},"end":{"line":85,"column":42}}],"line":85},"9":{"loc":{"start":{"line":86,"column":2},"end":{"line":86,"column":48}},"type":"default-arg","locations":[{"start":{"line":86,"column":17},"end":{"line":86,"column":48}}],"line":86},"10":{"loc":{"start":{"line":87,"column":2},"end":{"line":87,"column":43}},"type":"default-arg","locations":[{"start":{"line":87,"column":12},"end":{"line":87,"column":43}}],"line":87},"11":{"loc":{"start":{"line":88,"column":2},"end":{"line":88,"column":45}},"type":"default-arg","locations":[{"start":{"line":88,"column":14},"end":{"line":88,"column":45}}],"line":88},"12":{"loc":{"start":{"line":89,"column":2},"end":{"line":89,"column":42}},"type":"default-arg","locations":[{"start":{"line":89,"column":11},"end":{"line":89,"column":42}}],"line":89},"13":{"loc":{"start":{"line":113,"column":2},"end":{"line":113,"column":41}},"type":"default-arg","locations":[{"start":{"line":113,"column":10},"end":{"line":113,"column":41}}],"line":113}},"s":{"0":0,"1":0,"2":0,"3":0,"4":0,"5":0,"6":0,"7":0,"8":0,"9":0,"10":0,"11":0,"12":0,"13":0,"14":0,"15":0,"16":0,"17":0,"18":0,"19":0,"20":0,"21":0,"22":0,"23":0,"24":0,"25":0,"26":0,"27":0,"28":0,"29":0,"30":0,"31":0},"f":{"0":0,"1":0,"2":0,"3":0,"4":0},"b":{"0":[0,0,0,0],"1":[0],"2":[0,0,0,0],"3":[0],"4":[0],"5":[0],"6":[0],"7":[0],"8":[0],"9":[0],"10":[0],"11":[0],"12":[0],"13":[0]},"all":true},"/home/stalwart/Documents/Codes/Fullstack/teletalk/teletalk-server/src/functions/utilities/Logger.js":{"path":"/home/stalwart/Documents/Codes/Fullstack/teletalk/teletalk-server/src/functions/utilities/Logger.js","statementMap":{"0":{"start":{"line":1,"column":14},"end":{"line":1,"column":30}},"1":{"start":{"line":5,"column":15},"end":{"line":15,"column":1}},"2":{"start":{"line":17,"column":17},"end":{"line":34,"column":1}},"3":{"start":{"line":36,"column":34},"end":{"line":36,"column":71}},"4":{"start":{"line":38,"column":13},"end":{"line":38,"column":22}},"5":{"start":{"line":41,"column":2},"end":{"line":41,"column":51}},"6":{"start":{"line":42,"column":2},"end":{"line":42,"column":17}},"7":{"start":{"line":44,"column":2},"end":{"line":44,"column":21}},"8":{"start":{"line":45,"column":2},"end":{"line":45,"column":23}},"9":{"start":{"line":46,"column":2},"end":{"line":46,"column":27}},"10":{"start":{"line":48,"column":2},"end":{"line":50,"column":4}},"11":{"start":{"line":49,"column":4},"end":{"line":49,"column":17}},"12":{"start":{"line":52,"column":2},"end":{"line":54,"column":3}},"13":{"start":{"line":53,"column":4},"end":{"line":53,"column":36}},"14":{"start":{"line":56,"column":2},"end":{"line":58,"column":4}},"15":{"start":{"line":57,"column":4},"end":{"line":57,"column":20}},"16":{"start":{"line":64,"column":2},"end":{"line":66,"column":4}},"17":{"start":{"line":65,"column":4},"end":{"line":65,"column":69}},"18":{"start":{"line":68,"column":21},"end":{"line":73,"column":3}},"19":{"start":{"line":69,"column":4},"end":{"line":71,"column":7}},"20":{"start":{"line":70,"column":6},"end":{"line":70,"column":40}},"21":{"start":{"line":72,"column":4},"end":{"line":72,"column":16}},"22":{"start":{"line":75,"column":2},"end":{"line":79,"column":4}},"23":{"start":{"line":76,"column":4},"end":{"line":76,"column":34}},"24":{"start":{"line":77,"column":4},"end":{"line":77,"column":20}},"25":{"start":{"line":78,"column":4},"end":{"line":78,"column":16}},"26":{"start":{"line":81,"column":27},"end":{"line":105,"column":3}},"27":{"start":{"line":82,"column":18},"end":{"line":82,"column":61}},"28":{"start":{"line":84,"column":4},"end":{"line":86,"column":5}},"29":{"start":{"line":85,"column":6},"end":{"line":85,"column":57}},"30":{"start":{"line":88,"column":4},"end":{"line":90,"column":5}},"31":{"start":{"line":89,"column":6},"end":{"line":89,"column":62}},"32":{"start":{"line":92,"column":4},"end":{"line":96,"column":5}},"33":{"start":{"line":93,"column":6},"end":{"line":95,"column":9}},"34":{"start":{"line":94,"column":8},"end":{"line":94,"column":60}},"35":{"start":{"line":98,"co
[...]
6}},"1":{"start":{"line":2,"column":22},"end":{"line":2,"column":57}},"2":{"start":{"line":4,"column":24},"end":{"line":16,"column":1}},"3":{"start":{"line":5,"column":2},"end":{"line":15,"column":3}},"4":{"start":{"line":6,"column":21},"end":{"line":11,"column":6}},"5":{"start":{"line":12,"column":4},"end":{"line":12,"column":24}},"6":{"start":{"line":14,"column":4},"end":{"line":14,"column":22}},"7":{"start":{"line":18,"column":0},"end":{"line":18,"column":37}},"8":{"start":{"line":20,"column":0},"end":{"line":22,"column":3}},"9":{"start":{"line":21,"column":2},"end":{"line":21,"column":63}}},"fnMap":{"0":{"name":"(anonymous_0)","decl":{"start":{"line":4,"column":24},"end":{"line":4,"column":25}},"loc":{"start":{"line":4,"column":36},"end":{"line":16,"column":1}},"line":4},"1":{"name":"(anonymous_1)","decl":{"start":{"line":20,"column":38},"end":{"line":20,"column":39}},"loc":{"start":{"line":20,"column":44},"end":{"line":22,"column":1}},"line":20}},"branchMap":{},"s":{"0":0,"1":0,"2":0,"3":0,"4":0,"5":0,"6":0,"7":0,"8":0,"9":0},"f":{"0":0,"1":0},"b":{},"all":true},"/home/stalwart/Documents/Codes/Fullstack/teletalk/teletalk-server/src/variables/constants/countries.js":{"path":"/home/stalwart/Documents/Codes/Fullstack/teletalk/teletalk-server/src/variables/constants/countries.js","statementMap":{"0":{"start":{"line":3,"column":18},"end":{"line":478,"column":1}},"1":{"start":{"line":480,"column":0},"end":{"line":480,"column":31}}},"fnMap":{},"branchMap":{},"s":{"0":0,"1":0},"f":{},"b":{},"all":true},"/home/stalwart/Documents/Codes/Fullstack/teletalk/teletalk-server/src/variables/constants/environmentInitialValues.js":{"path":"/home/stalwart/Documents/Codes/Fullstack/teletalk/teletalk-server/src/variables/constants/environmentInitialValues.js","statementMap":{"0":{"start":{"line":1,"column":25},"end":{"line":13,"column":1}},"1":{"start":{"line":15,"column":27},"end":{"line":21,"column":1}},"2":{"start":{"line":23,"column":0},"end":{"line":23,"column":58}}},"fnMap":{},"branchMap":{},"s":{"0":0,"1":0,"2":0},"f":{},"b":{},"all":true},"/home/stalwart/Documents/Codes/Fullstack/teletalk/teletalk-server/src/variables/constants/initialOptions/initialOptions.js":{"path":"/home/stalwart/Documents/Codes/Fullstack/teletalk/teletalk-server/src/variables/constants/initialOptions/initialOptions.js","statementMap":{"0":{"start":{"line":73,"column":27},"end":{"line":87,"column":1}},"1":{"start":{"line":89,"column":23},"end":{"line":89,"column":45}},"2":{"start":{"line":91,"column":0},"end":{"line":91,"column":36}}},"fnMap":{},"branchMap":{},"s":{"0":0,"1":0,"2":0},"f":{},"b":{},"all":true},"/home/stalwart/Documents/Codes/Fullstack/teletalk/teletalk-server/src/variables/constants/initialValues/initialValue.js":{"path":"/home/stalwart/Documents/Codes/Fullstack/teletalk/teletalk-server/src/variables/constants/initialValues/initialValue.js","statementMap":{"0":{"start":{"line":1,"column":40},"end":{"line":6,"column":1}},"1":{"start":{"line":8,"column":40},"end":{"line":11,"column":1}},"2":{"start":{"line":13,"column":21},"end":{"line":16,"column":1}},"3":{"start":{"line":18,"column":0},"end":{"line":18,"column":34}}},"fnMap":{},"branchMap":{},"s":{"0":0,"1":0,"2":0,"3":0},"f":{},"b":{},"all":true},"/home/stalwart/Documents/Codes/Fullstack/teletalk/teletalk-server/src/variables/errors/chatErrors.js":{"path":"/home/stalwart/Documents/Codes/Fullstack/teletalk/teletalk-server/src/variables/errors/chatErrors.js","statementMap":{"0":{"start":{"line":1,"column":27},"end":{"line":1,"column":70}},"1":{"start":{"line":3,"column":19},"end":{"line":9,"column":1}},"2":{"start":{"line":11,"column":22},"end":{"line":11,"column":77}},"3":{"start":{"line":13,"column":29},"end":{"line":19,"column":1}},"4":{"start":{"line":21,"column":33},"end":{"line":27,"column":1}},"5":{"start":{"line":29,"column":33},"end":{"line":35,"column":1}},"6":{"start":{"line":37,"column":25},"end":{"line":43,"column":1}},"7":{"start":{"line":45,"column":23},"end":{"line":51,"column":1}},"8":{"start":{"line":53,"column":32},"end":{"line":59,"column":1}},"9":{"start":{"line":61,"column":25},"end":{"line":67,"column":1}},"10":{"start":{"line":69,"column":32},"end":{"line":75,"column":1}},"11":{"start":{"line":77,"column":36},"end":{"line":83,"column":1}},"12":{"start":{"line":85,"column":36},"end":{"line":91,"column":1}},"13":{"start":{"line":93,"column":28},"end":{"line":99,"column":1}},"14":{"start":{"line":101,"column":34},"end":{"line":107,"column":1}},"15":{"start":{"line":109,"column":38},"end":{"line":115,"column":1}},"16":{"start":{"line":117,"column":38},"end":{"line":123,"column":1}},"17":{"start":{"line":125,"column":30},"end":{"line":131,"column":1}},"18":{"start":{"line":133,"column":29},"end":{"line":139,"column":1}},"19":{"start":{"line":141,"column":36},"end":{"line":147,"column":1}},"20":{"start":{"line":149,"column":40},"end":{"line":155,"column":1}},"21":{"start":{"line":157,"column":40},"end":{"line":163,"column":1}},"22":{"start":{"line":165,"column":32},"end":{"line":171,"column":1}},"23":{"start":{"line":173,"column":30},"end":{"line":179,"column":1}},"24":{"start":{"line":181,"column":35},"end":{"line":187,"column":1}},"25":{"start":{"line":189,"column":19},"end":{"line":217,"column":1}},"26":{"start":{"line":219,"column":0},"end":{"line":221,"column":2}}},"fnMap":{},"branchMap":{},"s":{"0":0,"1":0,"2":0,"3":0,"4":0,"5":0,"6":0,"7":0,"8":0,"9":0,"10":0,"11":0,"12":0,"13":0,"14":0,"15":0,"16":0,"17":0,"18":0,"19":0,"20":0,"21":0,"22":0,"23":0,"24":0,"25":0,"26":0},"f":{},"b":{},"all":true},"/home/stalwart/Documents/Codes/Fullstack/teletalk/teletalk-server/src/variables/errors/userErrors.js":{"path":"/home/stalwart/Documents/Codes/Fullstack/teletalk/teletalk-server/src/variables/errors/userErrors.js","statementMap":{"0":{"start":{"line":1,"column":27},"end":{"line":1,"column":70}},"1":{"start":{"line":3,"column":31},"end":{"line":9,"column":1}},"2":{"start":{"line":11,"column":25},"end":{"line":17,"column":1}},"3":{"start":{"line":19,"column":28},"end":{"line":25,"column":1}},"4":{"start":{"line":27,"column":28},"end":{"line":33,"column":1}},"5":{"start":{"line":35,"column":29},"end":{"line":41,"column":1}},"6":{"start":{"line":43,"column":33},"end":{"line":49,"column":1}},"7":{"start":{"line":51,"column":24},"end":{"line":57,"column":1}},"8":{"start":{"line":59,"column":26},"end":{"line":65,"column":1}},"9":{"start":{"line":67,"column":31},"end":{"line":73,"column":1}},"10":{"start":{"line":75,"column":34},"end":{"line":81,"column":1}},"11":{"start":{"line":83,"column":34},"end":{"line":89,"column":1}},"12":{"start":{"line":91,"column":28},"end":{"line":97,"column":1}},"13":{"start":{"line":99,"column":27},"end":{"line":105,"column":1}},"14":{"start":{"line":107,"column":35},"end":{"line":113,"column":1}},"15":{"start":{"line":115,"column":29},"end":{"line":121,"column":1}},"16":{"start":{"line":123,"column":27},"end":{"line":129,"column":1}},"17":{"start":{"line":131,"column":31},"end":{"line":137,"column":1}},"18":{"start":{"line":139,"column":34},"end":{"line":145,"column":1}},"19":{"start":{"line":147,"column":29},"end":{"line":153,"column":1}},"20":{"start":{"line":155,"column":30},"end":{"line":161,"column":1}},"21":{"start":{"line":163,"column":37},"end":{"line":169,"column":1}},"22":{"start":{"line":171,"column":37},"end":{"line":177,"column":1}},"23":{"start":{"line":179,"column":30},"end":{"line":185,"column":1}},"24":{"start":{"line":187,"column":29},"end":{"line":193,"column":1}},"25":{"start":{"line":195,"column":34},"end":{"line":201,"column":1}},"26":{"start":{"line":203,"column":37},"end":{"line":209,"column":1}},"27":{"start":{"line":211,"column":37},"end":{"line":217,"column":1}},"28":{"start":{"line":219,"column":30},"end":{"line":225,"column":1}},"29":{"start":{"line":227,"column":32},"end":{"line":233,"column":1}},"30":{"start":{"line":235,"column":32},"end":{"line":241,"column":1}},"31":{"start":{"line":243,"column":35},"end":{"line":249,"column":1}},"32":{"start":{"line":251,"column":35},"end":{"line":257,"column":1}},"33":{"start":{"line":259,"column":28},"end":{"line":265,"column":1}},"34":{"start":{"line":267,"column":31},"end":{"line":273,"column":1}},"35":{"start":{"line":275,"column":34},"end":{"line":281,"column":1}},"36":{"start":{"line":283,"column":34},"end":{"line":289,"column":1}},"37":{"start":{"line":291,"column":26},"end":{"line":297,"column":1}},"38":{"start":{"line":299,"column":33},"end":{"line":305,"column":1}},"39":{"start":{"line":307,"column":36},"end":{"line":313,"column":1}},"40":{"start":{"line":315,"column":36},"end":{"line":321,"column":1}},"41":{"start":{"line":323,"column":29},"end":{"line":329,"column":1}},"42":{"start":{"line":331,"column":34},"end":{"line":337,"column":1}},"43":{"start":{"line":339,"column":29},"end":{"line":345,"column":1}},"44":{"start":{"line":347,"column":27},"end":{"line":353,"column":1}},"45":{"start":{"line":355,"column":30},"end":{"line":361,"column":1}},"46":{"start":{"line":363,"column":37},"end":{"line":369,"column":1}},"47":{"start":{"line":371,"column":37},"end":{"line":377,"column":1}},"48":{"start":{"line":379,"column":25},"end":{"line":385,"column":1}},"49":{"start":{"line":387,"column":32},"end":{"line":393,"column":1}},"50":{"start":{"line":395,"column":36},"end":{"line":401,"column":1}},"51":{"start":{"line":403,"column":36},"end":{"line":409,"column":1}},"52":{"start":{"line":411,"column":28},"end":{"line":417,"column":1}},"53":{"start":{"line":419,"column":19},"end":{"line":419,"column":71}},"54":{"start":{"line":421,"column":30},"end":{"line":427,"column":1}},"55":{"start":{"line":429,"column":20},"end":{"line":429,"column":73}},"56":{"start":{"line":431,"column":23},"end":{"line":431,"column":79}},"57":{"start":{"line":433,"column":27},"end":{"line":439,"column":1}},"58":{"start":{"line":441,"column":23},"end":{"line":447,"column":1}},"59":{"start":{"line":449,"column":23},"end":{"line":449,"column":79}},"60":{"start":{"line":451,"column":30},"end":{"line":457,"column":1}},"61":{"start":{"line":459,"column":33},"end":{"line":465,"column":1}},"62":{"start":{"line":467,"column":33},"end":{"line":473,"column":1}},"63":{"start":{"line":475,"column":34},"end":{"line":481,"column":1}},"64":{"start":{"line":483,"column":35},"end":{"line":489,"column":1}},"65":{"start":{"line":491,"column":39},"end":{"line":497,"column":1}},"66":{"start":{"line":499,"column":41},"end":{"line":505,"column":1}},"67":{"start":{"line":507,"column":19},"end":{"line":578,"column":1}},"68":{"start":{"line":580,"column":0},"end":{"line":582,"column":2}}},"fnMap":{},"branchMap":{},"s":{"0":0,"1":0,"2":0,"3":0,"4":0,"5":0,"6":0,"7":0,"8":0,"9":0,"10":0,"11":0,"12":0,"13":0,"14":0,"15":0,"16":0,"17":0,"18":0,"19":0,"20":0,"21":0,"22":0,"23":0,"24":0,"25":0,"26":0,"27":0,"28":0,"29":0,"30":0,"31":0,"32":0,"33":0,"34":0,"35":0,"36":0,"37":0,"38":0,"39":0,"40":0,"41":0,"42":0,"43":0,"44":0,"45":0,"46":0,"47":0,"48":0,"49":0,"50":0,"51":0,"52":0,"53":0,"54":0,"55":0,"56":0,"57":0,"58":0,"59":0,"60":0,"61":0,"62":0,"63":0,"64":0,"65":0,"66":0,"67":0,"68":0},"f":{},"b":{},"all":true},"/home/stalwart/Documents/Codes/Fullstack/teletalk/teletalk-server/src/variables/globalVariables.js":{"path":"/home/stalwart/Documents/Codes/Fullstack/teletalk/teletalk-server/src/variables/globalVariables.js","statementMap":{"0":{"start":{"line":1,"column":19},"end":{"line":1,"column":58}},"1":{"start":{"line":3,"column":30},"end":{"line":3,"column":48}},"2":{"start":{"line":5,"column":0},"end":{"line":5,"column":23}},"3":{"start":{"line":6,"column":0},"end":{"line":6,"column":32}},"4":{"start":{"line":7,"column":0},"end":{"line":7,"column":34}}},"fnMap":{},"branchMap":{},"s":{"0":0,"1":0,"2":0,"3":0,"4":0},"f":{},"b":{},"all":true},"/home/stalwart/Documents/Codes/Fullstack/teletalk/teletalk-server/src/variables/otherVariables.js":{"path":"/home/stalwart/Documents/Codes/Fullstack/teletalk/teletalk-server/src/variables/otherVariables.js","statementMap":{"0":{"start":{"line":3,"column":4},"end":{"line":3,"column":83}},"1":{"start":{"line":6,"column":4},"end":{"line":6,"column":86}},"2":{"start":{"line":9,"column":4},"end":{"line":9,"column":88}},"3":{"start":{"line":12,"column":4},"end":{"line":12,"column":90}},"4":{"start":{"line":15,"column":4},"end":{"line":15,"column":88}},"5":{"start":{"line":18,"column":4},"end":{"line":18,"column":81}},"6":{"start":{"line":21,"column":4},"end":{"line":21,"column":88}},"7":{"start":{"line":24,"column":4},"end":{"line":24,"column":88}},"8":{"start":{"line":27,"column":4},"end":{"line":27,"column":86}},"9":{"start":{"line":30,"column":4},"end":{"line":30,"column":85}},"10":{"start":{"line":33,"column":4},"end":{"line":33,"column":87}},"11":{"start":{"line":36,"column":4},"end":{"line":36,"column":88}},"12":{"start":{"line":39,"column":4},"end":{"line":39,"column":86}},"13":{"start":{"line":42,"column":4},"end":{"line":42,"column":85}},"14":{"start":{"line":45,"column":4},"end":{"line":45,"column":93}},"15":{"start":{"line":47,"column":28},"end":{"line":47,"column":73}},"16":{"start":{"line":48,"column":24},"end":{"line":48,"column":65}},"17":{"start":{"line":49,"column":30},"end":{"line":49,"column":77}},"18":{"start":{"line":50,"column":23},"end":{"line":50,"column":63}},"19":{"start":{"line":53,"column":4},"end":{"line":53,"column":54}},"20":{"start":{"line":55,"column":22},"end":{"line":55,"column":62}},"21":{"start":{"line":56,"column":24},"end":{"line":56,"column":68}},"22":{"start":{"line":57,"column":22},"end":{"line":57,"column":62}},"23":{"start":{"line":58,"column":23},"end":{"line":58,"column":63}},"24":{"start":{"line":59,"column":23},"end":{"line":59,"column":63}},"25":{"start":{"line":61,"column":24},"end":{"line":67,"column":1}},"26":{"start":{"line":69,"column":15},"end":{"line":73,"column":1}},"27":{"start":{"line":75,"column":23},"end":{"line":78,"column":1}},"28":{"start":{"line":80,"column":26},"end":{"line":96,"column":1}},"29":{"start":{"line":98,"column":17},"end":{"line":103,"column":1}},"30":{"start":{"line":105,"column":0},"end":{"line":110,"column":2}}},"fnMap":{},"branchMap":{},"s":{"0":0,"1":0,"2":0,"3":0,"4":0,"5":0,"6":0,"7":0,"8":0,"9":0,"10":0,"11":0,"12":0,"13":0,"14":0,"15":0,"16":0,"17":0,"18":0,"19":0,"20":0,"21":0,"22":0,"23":0,"24":0,"25":0,"26":0,"27":0,"28":0,"29":0,"30":0},"f":{},"b":{},"all":true},"/home/stalwart/Documents/Codes/Fullstack/teletalk/teletalk-server/src/variables/routes/cellphoneRoutes.js":{"path":"/home/stalwart/Documents/Codes/Fullstack/teletalk/teletalk-server/src/variables/routes/cellphoneRoutes.js","statementMap":{"0":{"start":{"line":1,"column":27},"end":{"line":1,"column":70}},"1":{"start":{"line":3,"column":16},"end":{"line":3,"column":65}},"2":{"start":{"line":5,"column":17},"end":{"line":11,"column":1}},"3":{"start":{"line":13,"column":18},"end":{"line":19,"column":1}},"4":{"start":{"line":21,"column":19},"end":{"line":27,"column":1}},"5":{"start":{"line":29,"column":20},"end":{"line":35,"column":1}},"6":{"start":{"line":37,"column":18},"end":{"line":43,"column":1}},"7":{"start":{"line":45,"column":20},"end":{"line":51,"column":1}},"8":{"start":{"line":53,"column":20},"end":{"line":59,"column":1}},"9":{"start":{"line":61,"column":20},"end":{"line":67,"column":1}},"10":{"start":{"line":69,"column":21},"end":{"line":75,"column":1}},"11":{"start":{"line":77,"column":22},"end":{"line":83,"column":1}},"12":{"start":{"line":85,"column":23},"end":{"line":91,"column":1}},"13":{"start":{"line":93,"column":21},"end":{"line":99,"column":1}},"14":{"start":{"line":101,"column":22},"end":{"line":107,"column":1}},"15":{"start":{"line":109,"column":24},"end":{"line":128,"column":1}},"16":{"start":{"line":130,"column":0},"end":{"line":132,"column":2}}},"fnMap":{},"branchMap":{},"s":{"0":0,"1":0,"2":0,"3":0,"4":0,"5":0,"6":0,"7":0,"8":0,"9":0,"10":0,"11":0,"12":0,"13":0,"14":0,"15":0,"16":0},"f":{},"b":{},"all":true},"/home/stalwart/Documents/Codes/Fullstack/teletalk/teletalk-server/src/variables/routes/messageRoutes.js":{"path":"/home/stalwart/Documents/Codes/Fullstack/teletalk/teletalk-server/src/variables/routes/messageRoutes.js","statementMap":{},"fnMap":{},"branchMap":{},"s":{},"f":{},"b":{},"all":true},"/home/stalwart/Documents/Codes/Fullstack/teletalk/teletalk-server/src/variables/routes/otherRoutes.js":{"path":"/home/stalwart/Documents/Codes/Fullstack/teletalk/teletalk-server/src/variables/routes/otherRoutes.js","statementMap":{"0":{"start":{"line":1,"column":27},"end":{"line":1,"column":70}},"1":{"start":{"line":3,"column":16},"end":{"line":3,"column":61}},"2":{"start":{"line":5,"column":18},"end":{"line":11,"column":1}},"3":{"start":{"line":13,"column":16},"end":{"line":19,"column":1}},"4":{"start":{"line":21,"column":20},"end":{"line":26,"column":1}},"5":{"start":{"line":28,"column":0},"end":{"line":28,"column":33}}},"fnMap":{},"branchMap":{},"s":{"0":0,"1":0,"2":0,"3":0,"4":0,"5":0},"f":{},"b":{},"all":true},"/home/stalwart/Documents/Codes/Fullstack/teletalk/teletalk-server/src/variables/routes/privateChatRoutes.js":{"path":"/home/stalwart/Documents/Codes/Fullstack/teletalk/teletalk-server/src/variables/routes/privateChatRoutes.js","statementMap":{"0":{"start":{"line":1,"column":27},"end":{"line":1,"column":70}},"1":{"start":{"line":3,"column":16},"end":{"line":3,"column":76}},"2":{"start":{"line":5,"column":20},"end":{"line":11,"column":1}},"3":{"start":{"line":13,"column":25},"end":{"line":19,"column":1}},"4":{"start":{"line":21,"column":20},"end":{"line":27,"column":1}},"5":{"start":{"line":29,"column":18},"end":{"line":35,"column":1}},"6":{"start":{"line":37,"column":20},"end":{"line":43,"column":1}},"7":{"start":{"line":45,"column":26},"end":{"line":56,"column":1}},"8":{"start":{"line":58,"column":0},"end":{"line":60,"column":2}}},"fnMap":{},"branchMap":{},"s":{"0":0,"1":0,"2":0,"3":0,"4":0,"5":0,"6":0,"7":0,"8":0},"f":{},"b":{},"all":true},"/home/stalwart/Documents/Codes/Fullstack/teletalk/teletalk-server/src/variables/routes/userRoutes.js":{"path":"/home/stalwart/Documents/Codes/Fullstack/teletalk/teletalk-server/src/variables/routes/userRoutes.js","statementMap":{"0":{"start":{"line":1,"column":27},"end":{"line":1,"column":70}},"1":{"start":{"line":3,"column":16},"end":{"line":3,"column":60}},"2":{"start":{"line":5,"column":22},"end":{"line":11,"column":1}},"3":{"start":{"line":13,"column":21},"end":{"line":19,"column":1}},"4":{"start":{"line":20,"column":21},"end":{"line":26,"column":1}},"5":{"start":{"line":28,"column":20},"end":{"line":34,"column":1}},"6":{"start":{"line":36,"column":27},"end":{"line":42,"column":1}},"7":{"start":{"line":44,"column":19},"end":{"line":57,"column":1}},"8":{"start":{"line":59,"column":0},"end":{"line":61,"column":2}}},"fnMap":{},"branchMap":{},"s":{"0":0,"1":0,"2":0,"3":0,"4":0,"5":0,"6":0,"7":0,"8":0},"f":{},"b":{},"all":true},"/home/stalwart/Documents/Codes/Fullstack/teletalk/teletalk-server/src/variables/routes/versionControlRoutes.js":{"path":"/home/stalwart/Documents/Codes/Fullstack/teletalk/teletalk-server/src/variables/routes/versionControlRoutes.js","statementMap":{"0":{"start":{"line":1,"column":27},"end":{"line":1,"column":70}},"1":{"start":{"line":3,"column":16},"end":{"line":3,"column":70}},"2":{"start":{"line":5,"column":21},"end":{"line":11,"column":1}},"3":{"start":{"line":13,"column":29},"end":{"line":17,"column":1}},"4":{"start":{"line":19,"column":0},"end":{"line":19,"column":42}}},"fnMap":{},"branchMap":{},"s":{"0":0,"1":0,"2":0,"3":0,"4":0},"f":{},"b":{},"all":true},"/home/stalwart/Documents/Codes/Fullstack/teletalk/teletalk-server/temp/playground.js":{"path":"/home/stalwart/Documents/Codes/Fullstack/teletalk/teletalk-server/temp/playground.js","statementMap":{},"fnMap":{},"branchMap":{},"s":{},"f":{},"b":{},"all":true},"/home/stalwart/Documents/Codes/Fullstack/teletalk/teletalk-server/temp/server.js":{"path":"/home/stalwart/Documents/Codes/Fullstack/teletalk/teletalk-server/temp/server.js","statementMap":{},"fnMap":{},"branchMap":{},"s":{},"f":{},"b":{},"all":true}}