TN:
SF:.trashcan/middleware/userMiddleware/existenceCheckerUserValidatorMiddleware.js
FN:4,(anonymous_0)
FNF:1
FNH:0
FNDA:0,(anonymous_0)
DA:3,0
DA:4,0
DA:5,0
DA:6,0
DA:8,0
DA:14,0
DA:15,0
DA:18,0
DA:20,0
DA:24,0
LF:10
LH:0
BRDA:14,0,0,0
BRDA:14,0,1,0
BRF:2
BRH:0
end_of_record
TN:
SF:.trashcan/middleware/userMiddleware/loginNormalUserValidatorMiddleware.js
FN:7,(anonymous_0)
FNF:1
FNH:0
FNDA:0,(anonymous_0)
DA:5,0
DA:7,0
DA:8,0
DA:9,0
DA:11,0
DA:17,0
DA:18,0
DA:21,0
DA:23,0
DA:27,0
LF:10
LH:0
BRDA:17,0,0,0
BRDA:17,0,1,0
BRF:2
BRH:0
end_of_record
TN:
SF:.trashcan/middleware/userMiddleware/registerNormalUserValidatorMiddleware.js
FN:9,(anonymous_0)
FNF:1
FNH:0
FNDA:0,(anonymous_0)
DA:5,0
DA:7,0
DA:9,0
DA:10,0
DA:11,0
DA:13,0
DA:15,0
DA:19,0
DA:20,0
DA:23,0
DA:25,0
DA:29,0
LF:12
LH:0
BRDA:19,0,0,0
BRDA:19,0,1,0
BRF:2
BRH:0
end_of_record
TN:
SF:.trashcan/middleware/userMiddleware/verifyLoginNormalUserValidatorMiddleware.js
FN:7,(anonymous_0)
FNF:1
FNH:0
FNDA:0,(anonymous_0)
DA:5,0
DA:7,0
DA:8,0
DA:9,0
DA:11,0
DA:15,0
DA:16,0
DA:19,0
DA:21,0
DA:25,0
LF:10
LH:0
BRDA:15,0,0,0
BRDA:15,0,1,0
BRF:2
BRH:0
end_of_record
TN:
SF:.trashcan/schema/userSchema/UserSchema.js
FN:110,(anonymous_0)
FNF:1
FNH:0
FNDA:0,(anonymous_0)
DA:1,0
DA:2,0
DA:6,0
DA:23,0
DA:27,0
DA:29,0
DA:110,0
DA:111,0
DA:139,0
DA:141,0
LF:10
LH:0
BRF:0
BRH:0
end_of_record
TN:
SF:.trashcan/template/userTemplate/routeUserTemplate.js
FNF:0
FNH:0
DA:3,0
DA:58,0
LF:2
LH:0
BRF:0
BRH:0
end_of_record
TN:
SF:.trashcan/validator/userValidator/registerNormalUserValidator.js
FNF:0
FNH:0
DA:1,0
DA:14,0
DA:16,0
DA:18,0
DA:31,0
DA:33,0
LF:6
LH:0
BRF:0
BRH:0
end_of_record
TN:
SF:.trashcan/validator/userValidator/verifyLoginNormalUserValidator.js
FNF:0
FNH:0
DA:1,0
DA:5,0
DA:7,0
DA:9,0
DA:14,0
DA:18,0
LF:6
LH:0
BRF:0
BRH:0
end_of_record
TN:
SF:comments/generalComments.js
FNF:0
FNH:0
DA:3,0
DA:12,0
LF:2
LH:0
BRF:0
BRH:0
end_of_record
TN:
SF:src/app.js
FN:72,(anonymous_0)
FN:101,(anonymous_1)
FN:107,(anonymous_2)
FN:114,(anonymous_3)
FN:115,(anonymous_4)
FNF:5
FNH:0
FNDA:0,(anonymous_0)
FNDA:0,(anonymous_1)
FNDA:0,(anonymous_2)
FNDA:0,(anonymous_3)
FNDA:0,(anonymous_4)
DA:1,0
DA:3,0
DA:4,0
DA:5,0
DA:6,0
DA:7,0
DA:11,0
DA:13,0
DA:41,0
DA:43,0
DA:48,0
DA:50,0
DA:53,0
DA:58,0
DA:61,0
DA:63,0
DA:65,0
DA:67,0
DA:68,0
DA:69,0
DA:70,0
DA:72,0
DA:73,0
DA:80,0
DA:84,0
DA:86,0
DA:90,0
DA:101,0
DA:102,0
DA:107,0
DA:108,0
DA:111,0
DA:114,0
DA:115,0
DA:116,0
DA:119,0
DA:122,0
DA:124,0
DA:127,0
DA:129,0
LF:40
LH:0
BRDA:50,0,0,0
BRDA:50,0,1,0
BRF:2
BRH:0
end_of_record
TN:
SF:src/server.js
FN:21,(anonymous_0)
FN:25,(anonymous_1)
FN:31,(anonymous_2)
FN:36,(anonymous_3)
FNF:4
FNH:0
FNDA:0,(anonymous_0)
FNDA:0,(anonymous_1)
FNDA:0,(anonymous_2)
FNDA:0,(anonymous_3)
DA:1,0
DA:5,0
DA:7,0
DA:8,0
DA:11,0
DA:12,0
DA:14,0
DA:17,0
DA:19,0
DA:21,0
DA:22,0
DA:25,0
DA:26,0
DA:27,0
DA:29,0
DA:31,0
DA:32,0
DA:34,0
DA:36,0
DA:37,0
DA:39,0
DA:43,0
DA:45,0
DA:49,0
LF:24
LH:0
BRDA:19,0,0,0
BRDA:19,0,1,0
BRDA:45,1,0,0
BRDA:45,1,1,0
BRF:4
BRH:0
end_of_record
TN:
SF:src/controllers/cellphoneControllers/addBlockCellphoneController.js
FN:7,(anonymous_0)
FNF:1
FNH:0
FNDA:0,(anonymous_0)
DA:1,0
DA:4,0
DA:5,0
DA:7,0
DA:11,0
DA:15,0
DA:17,0
DA:19,0
DA:21,0
DA:27,0
DA:28,0
DA:29,0
DA:33,0
LF:13
LH:0
BRDA:8,0,0,0
BRDA:9,1,0,0
BRF:2
BRH:0
end_of_record
TN:
SF:src/controllers/cellphoneControllers/addContactCellphoneController.js
FN:7,(anonymous_0)
FNF:1
FNH:0
FNDA:0,(anonymous_0)
DA:1,0
DA:4,0
DA:5,0
DA:7,0
DA:11,0
DA:15,0
DA:17,0
DA:19,0
DA:24,0
DA:35,0
DA:36,0
DA:37,0
DA:41,0
LF:13
LH:0
BRDA:8,0,0,0
BRDA:9,1,0,0
BRF:2
BRH:0
end_of_record
TN:
SF:src/controllers/cellphoneControllers/editContactCellphoneController.js
FN:5,(anonymous_0)
FNF:1
FNH:0
FNDA:0,(anonymous_0)
DA:1,0
DA:2,0
DA:3,0
DA:5,0
DA:9,0
DA:13,0
DA:15,0
DA:21,0
DA:23,0
DA:25,0
DA:29,0
DA:30,0
DA:34,0
LF:13
LH:0
BRDA:6,0,0,0
BRDA:7,1,0,0
BRF:2
BRH:0
end_of_record
TN:
SF:src/controllers/cellphoneControllers/getContactsCellphoneController.js
FN:5,(anonymous_0)
FNF:1
FNH:0
FNDA:0,(anonymous_0)
DA:1,0
DA:2,0
DA:3,0
DA:5,0
DA:9,0
DA:10,0
DA:12,0
DA:14,0
DA:18,0
DA:19,0
DA:20,0
DA:24,0
LF:12
LH:0
BRDA:6,0,0,0
BRDA:7,1,0,0
BRF:2
BRH:0
end_of_record
TN:
SF:src/controllers/cellphoneControllers/removeBlockCellphoneController.js
FN:7,(anonymous_0)
FNF:1
FNH:0
FNDA:0,(anonymous_0)
DA:1,0
DA:4,0
DA:5,0
DA:7,0
DA:11,0
DA:15,0
DA:17,0
DA:19,0
DA:21,0
DA:27,0
DA:28,0
DA:32,0
LF:12
LH:0
BRDA:8,0,0,0
BRDA:9,1,0,0
BRF:2
BRH:0
end_of_record
TN:
SF:src/controllers/cellphoneControllers/removeContactCellphoneController.js
FN:5,(anonymous_0)
FNF:1
FNH:0
FNDA:0,(anonymous_0)
DA:1,0
DA:2,0
DA:3,0
DA:5,0
DA:9,0
DA:13,0
DA:15,0
DA:17,0
DA:19,0
DA:23,0
DA:24,0
DA:28,0
LF:12
LH:0
BRDA:6,0,0,0
BRDA:7,1,0,0
BRF:2
BRH:0
end_of_record
TN:
SF:src/controllers/cellphoneControllers/searchCellphoneController.js
FN:1,(anonymous_0)
FNF:1
FNH:0
FNDA:0,(anonymous_0)
DA:1,0
DA:5,0
DA:7,0
DA:8,0
DA:12,0
LF:5
LH:0
BRDA:2,0,0,0
BRDA:3,1,0,0
BRF:2
BRH:0
end_of_record
TN:
SF:src/controllers/cellphoneControllers/shareContactCellphoneController.js
FN:1,(anonymous_0)
FNF:1
FNH:0
FNDA:0,(anonymous_0)
DA:1,0
DA:5,0
DA:7,0
DA:8,0
DA:9,0
DA:13,0
LF:6
LH:0
BRDA:2,0,0,0
BRDA:3,1,0,0
BRF:2
BRH:0
end_of_record
TN:
SF:src/controllers/otherControllers/countriesOtherController.js
FN:5,(anonymous_0)
FNF:1
FNH:0
FNDA:0,(anonymous_0)
DA:1,0
DA:2,0
DA:3,0
DA:5,0
DA:9,0
DA:10,0
DA:14,0
DA:15,0
DA:16,0
DA:20,0
LF:10
LH:0
BRDA:6,0,0,0
BRDA:7,1,0,0
BRF:2
BRH:0
end_of_record
TN:
SF:src/controllers/otherControllers/welcomeOtherController.js
FN:4,(anonymous_0)
FNF:1
FNH:0
FNDA:0,(anonymous_0)
DA:1,0
DA:2,0
DA:4,0
DA:8,0
DA:9,0
DA:13,0
DA:14,0
DA:15,0
DA:19,0
LF:9
LH:0
BRDA:5,0,0,0
BRDA:6,1,0,0
BRF:2
BRH:0
end_of_record
TN:
SF:src/controllers/privateChatControllers/chatsLastMessageChatController.js
FN:9,(anonymous_0)
FNF:1
FNH:0
FNDA:0,(anonymous_0)
DA:1,0
DA:5,0
DA:7,0
DA:9,0
DA:13,0
DA:14,0
DA:16,0
DA:18,0
DA:24,0
DA:25,0
DA:26,0
DA:30,0
LF:12
LH:0
BRDA:10,0,0,0
BRDA:11,1,0,0
BRF:2
BRH:0
end_of_record
TN:
SF:src/controllers/privateChatControllers/getAllChatMessagesPrivateChatCRL.js
FN:1,(anonymous_0)
FNF:1
FNH:0
FNDA:0,(anonymous_0)
DA:1,0
DA:5,0
DA:7,0
DA:8,0
DA:9,0
DA:13,0
LF:6
LH:0
BRDA:2,0,0,0
BRDA:3,1,0,0
BRF:2
BRH:0
end_of_record
TN:
SF:src/controllers/privateChatControllers/getAllChatsUserController.js
FN:5,(anonymous_0)
FNF:1
FNH:0
FNDA:0,(anonymous_0)
DA:1,0
DA:2,0
DA:3,0
DA:5,0
DA:9,0
DA:10,0
DA:12,0
DA:14,0
DA:18,0
DA:19,0
DA:20,0
DA:24,0
LF:12
LH:0
BRDA:6,0,0,0
BRDA:7,1,0,0
BRF:2
BRH:0
end_of_record
TN:
SF:src/controllers/privateChatControllers/getMessagesPrivateChatController.js
FN:15,(anonymous_0)
FNF:1
FNH:0
FNDA:0,(anonymous_0)
DA:1,0
DA:2,0
DA:6,0
DA:12,0
DA:13,0
DA:15,0
DA:19,0
DA:23,0
DA:25,0
DA:27,0
DA:32,0
DA:36,0
DA:37,0
DA:38,0
DA:42,0
LF:15
LH:0
BRDA:16,0,0,0
BRDA:17,1,0,0
BRF:2
BRH:0
end_of_record
TN:
SF:src/controllers/privateChatControllers/sendMessagePrivateChatController.js
FN:14,(anonymous_0)
FNF:1
FNH:0
FNDA:0,(anonymous_0)
DA:1,0
DA:2,0
DA:5,0
DA:11,0
DA:12,0
DA:14,0
DA:18,0
DA:22,0
DA:23,0
DA:24,0
DA:26,0
DA:32,0
DA:36,0
DA:37,0
DA:38,0
DA:42,0
LF:16
LH:0
BRDA:15,0,0,0
BRDA:16,1,0,0
BRF:2
BRH:0
end_of_record
TN:
SF:src/controllers/privateChatControllers/startChatPrivateChatController.js
FN:30,(anonymous_0)
FNF:1
FNH:0
FNDA:0,(anonymous_0)
DA:5,0
DA:11,0
DA:16,0
DA:20,0
DA:26,0
DA:27,0
DA:28,0
DA:30,0
DA:34,0
DA:38,0
DA:40,0
DA:42,0
DA:45,0
DA:51,0
DA:53,0
DA:55,0
DA:63,0
DA:65,0
DA:66,0
DA:68,0
DA:70,0
DA:71,0
DA:73,0
DA:77,0
LF:24
LH:0
BRDA:31,0,0,0
BRDA:32,1,0,0
BRF:2
BRH:0
end_of_record
TN:
SF:src/controllers/userControllers/createNewUserUserController.js
FN:32,(anonymous_0)
FN:62,(anonymous_1)
FNF:2
FNH:0
FNDA:0,(anonymous_0)
FNDA:0,(anonymous_1)
DA:1,0
DA:2,0
DA:3,0
DA:4,0
DA:5,0
DA:10,0
DA:12,0
DA:13,0
DA:18,0
DA:22,0
DA:25,0
DA:26,0
DA:27,0
DA:30,0
DA:32,0
DA:36,0
DA:39,0
DA:41,0
DA:43,0
DA:44,0
DA:49,0
DA:51,0
DA:52,0
DA:54,0
DA:55,0
DA:57,0
DA:58,0
DA:60,0
DA:62,0
DA:63,0
DA:67,0
DA:69,0
DA:73,0
DA:75,0
DA:77,0
DA:78,0
DA:83,0
DA:91,0
DA:92,0
DA:96,0
DA:100,0
DA:108,0
DA:109,0
DA:111,0
DA:116,0
DA:117,0
DA:118,0
DA:122,0
LF:48
LH:0
BRDA:33,0,0,0
BRDA:34,1,0,0
BRDA:54,2,0,0
BRDA:54,2,1,0
BRDA:55,3,0,0
BRDA:55,3,1,0
BRDA:63,4,0,0
BRDA:63,4,1,0
BRDA:64,5,0,0
BRDA:64,5,1,0
BRDA:77,6,0,0
BRDA:77,6,1,0
BRDA:91,7,0,0
BRDA:91,7,1,0
BRF:14
BRH:0
end_of_record
TN:
SF:src/controllers/userControllers/logoutNormalUserController.js
FN:1,(anonymous_0)
FNF:1
FNH:0
FNDA:0,(anonymous_0)
DA:1,0
DA:5,0
DA:6,0
DA:8,0
DA:9,0
DA:10,0
DA:14,0
LF:7
LH:0
BRDA:2,0,0,0
BRDA:3,1,0,0
BRF:2
BRH:0
end_of_record
TN:
SF:src/controllers/userControllers/signInNormalUserController.js
FN:20,(anonymous_0)
FN:52,(anonymous_1)
FNF:2
FNH:0
FNDA:0,(anonymous_0)
FNDA:0,(anonymous_1)
DA:3,0
DA:4,0
DA:5,0
DA:6,0
DA:8,0
DA:13,0
DA:14,0
DA:17,0
DA:18,0
DA:20,0
DA:24,0
DA:25,0
DA:27,0
DA:29,0
DA:31,0
DA:33,0
DA:37,0
DA:47,0
DA:52,0
DA:53,0
DA:57,0
DA:59,0
DA:63,0
DA:64,0
DA:66,0
DA:73,0
DA:75,0
DA:80,0
DA:84,0
DA:86,0
DA:90,0
DA:91,0
DA:92,0
DA:96,0
LF:34
LH:0
BRDA:21,0,0,0
BRDA:22,1,0,0
BRDA:33,2,0,0
BRDA:33,2,1,0
BRDA:53,3,0,0
BRDA:53,3,1,0
BRDA:54,4,0,0
BRDA:54,4,1,0
BRDA:63,5,0,0
BRDA:63,5,1,0
BRDA:80,6,0,0
BRDA:80,6,1,0
BRF:12
BRH:0
end_of_record
TN:
SF:src/controllers/userControllers/statusCheckUserController.js
FN:21,(anonymous_0)
FNF:1
FNH:0
FNDA:0,(anonymous_0)
DA:1,0
DA:5,0
DA:11,0
DA:12,0
DA:14,0
DA:18,0
DA:19,0
DA:21,0
DA:25,0
DA:26,0
DA:28,0
DA:30,0
DA:32,0
DA:34,0
DA:36,0
DA:38,0
DA:39,0
DA:41,0
DA:43,0
DA:45,0
DA:47,0
DA:49,0
DA:50,0
DA:51,0
DA:55,0
LF:25
LH:0
BRDA:22,0,0,0
BRDA:23,1,0,0
BRF:2
BRH:0
end_of_record
TN:
SF:src/controllers/userControllers/verifySignInNormalUserController.js
FN:23,(anonymous_0)
FN:41,(anonymous_1)
FNF:2
FNH:0
FNDA:0,(anonymous_0)
FNDA:0,(anonymous_1)
DA:1,0
DA:2,0
DA:3,0
DA:4,0
DA:10,0
DA:15,0
DA:18,0
DA:20,0
DA:21,0
DA:23,0
DA:27,0
DA:30,0
DA:32,0
DA:33,0
DA:34,0
DA:35,0
DA:39,0
DA:40,0
DA:41,0
DA:42,0
DA:46,0
DA:48,0
DA:51,0
DA:52,0
DA:56,0
DA:57,0
DA:58,0
DA:59,0
DA:63,0
DA:66,0
DA:67,0
DA:72,0
DA:73,0
DA:74,0
DA:78,0
LF:35
LH:0
BRDA:24,0,0,0
BRDA:25,1,0,0
BRDA:42,2,0,0
BRDA:42,2,1,0
BRDA:43,3,0,0
BRDA:43,3,1,0
BRDA:57,4,0,0
BRDA:57,4,1,0
BRDA:66,5,0,0
BRDA:66,5,1,0
BRF:10
BRH:0
end_of_record
TN:
SF:src/controllers/versionControlControllers/getAllStuffVersionControlController.js
FN:3,(anonymous_0)
FNF:1
FNH:0
FNDA:0,(anonymous_0)
DA:1,0
DA:3,0
DA:7,0
DA:8,0
DA:10,0
DA:11,0
DA:12,0
DA:16,0
LF:8
LH:0
BRDA:4,0,0,0
BRDA:5,1,0,0
BRF:2
BRH:0
end_of_record
TN:
SF:src/functions/helpers/targetFinder.js
FN:15,(anonymous_0)
FNF:1
FNH:0
FNDA:0,(anonymous_0)
DA:3,0
DA:4,0
DA:5,0
DA:7,0
DA:9,0
DA:15,0
DA:16,0
DA:17,0
DA:18,0
DA:23,0
DA:27,0
DA:28,0
DA:32,0
LF:13
LH:0
BRDA:15,0,0,0
BRF:1
BRH:0
end_of_record
TN:
SF:src/functions/tools/Clients.js
FN:2,(anonymous_0)
FN:6,(anonymous_1)
FNF:2
FNH:0
FNDA:0,(anonymous_0)
FNDA:0,(anonymous_1)
DA:3,0
DA:7,0
DA:11,0
DA:13,0
LF:4
LH:0
BRF:0
BRH:0
end_of_record
TN:
SF:src/functions/tools/smsClient.js
FN:16,(anonymous_0)
FN:26,(anonymous_1)
FNF:2
FNH:0
FNDA:0,(anonymous_0)
FNDA:0,(anonymous_1)
DA:1,0
DA:3,0
DA:7,0
DA:9,0
DA:10,0
DA:12,0
DA:14,0
DA:16,0
DA:17,0
DA:18,0
DA:20,0
DA:22,0
DA:26,0
DA:27,0
DA:28,0
DA:30,0
DA:32,0
DA:38,0
LF:18
LH:0
BRDA:16,0,0,0
BRDA:33,1,0,0
BRDA:33,1,1,0
BRF:3
BRH:0
end_of_record
TN:
SF:src/functions/utilities/Logger.js
FN:40,LoggerBuilder
FN:48,(anonymous_1)
FN:56,(anonymous_2)
FN:64,(anonymous_3)
FN:68,(anonymous_4)
FN:69,(anonymous_5)
FN:75,(anonymous_6)
FN:81,(anonymous_7)
FN:93,(anonymous_8)
FN:99,(anonymous_9)
FN:107,(anonymous_10)
FN:113,(anonymous_11)
FN:123,(anonymous_12)
FN:124,(anonymous_13)
FN:125,(anonymous_14)
FN:126,(anonymous_15)
FN:127,(anonymous_16)
FN:128,(anonymous_17)
FN:129,(anonymous_18)
FN:130,(anonymous_19)
FN:131,(anonymous_20)
FN:132,(anonymous_21)
FN:133,(anonymous_22)
FN:134,(anonymous_23)
FN:135,(anonymous_24)
FN:136,(anonymous_25)
FN:137,(anonymous_26)
FN:138,(anonymous_27)
FN:141,(anonymous_28)
FN:144,(anonymous_29)
FN:147,(anonymous_30)
FN:150,(anonymous_31)
FN:153,(anonymous_32)
FN:156,(anonymous_33)
FN:159,(anonymous_34)
FN:162,(anonymous_35)
FN:165,(anonymous_36)
FN:168,(anonymous_37)
FN:171,(anonymous_38)
FN:174,(anonymous_39)
FN:177,(anonymous_40)
FN:180,(anonymous_41)
FN:183,(anonymous_42)
FN:186,(anonymous_43)
FNF:44
FNH:0
FNDA:0,LoggerBuilder
FNDA:0,(anonymous_1)
FNDA:0,(anonymous_2)
FNDA:0,(anonymous_3)
FNDA:0,(anonymous_4)
FNDA:0,(anonymous_5)
FNDA:0,(anonymous_6)
FNDA:0,(anonymous_7)
FNDA:0,(anonymous_8)
FNDA:0,(anonymous_9)
FNDA:0,(anonymous_10)
FNDA:0,(anonymous_11)
FNDA:0,(anonymous_12)
FNDA:0,(anonymous_13)
FNDA:0,(anonymous_14)
FNDA:0,(anonymous_15)
FNDA:0,(anonymous_16)
FNDA:0,(anonymous_17)
FNDA:0,(anonymous_18)
FNDA:0,(anonymous_19)
FNDA:0,(anonymous_20)
FNDA:0,(anonymous_21)
FNDA:0,(anonymous_22)
FNDA:0,(anonymous_23)
FNDA:0,(anonymous_24)
FNDA:0,(anonymous_25)
FNDA:0,(anonymous_26)
FNDA:0,(anonymous_27)
FNDA:0,(anonymous_28)
FNDA:0,(anonymous_29)
FNDA:0,(anonymous_30)
FNDA:0,(anonymous_31)
FNDA:0,(anonymous_32)
FNDA:0,(anonymous_33)
FNDA:0,(anonymous_34)
FNDA:0,(anonymous_35)
FNDA:0,(anonymous_36)
FNDA:0,(anonymous_37)
FNDA:0,(anonymous_38)
FNDA:0,(anonymous_39)
FNDA:0,(anonymous_40)
FNDA:0,(anonymous_41)
FNDA:0,(anonymous_42)
FNDA:0,(anonymous_43)
DA:1,0
DA:5,0
DA:17,0
DA:36,0
DA:38,0
DA:41,0
DA:42,0
DA:44,0
DA:45,0
DA:46,0
DA:48,0
DA:49,0
DA:52,0
DA:53,0
DA:56,0
DA:57,0
DA:64,0
DA:65,0
DA:68,0
DA:69,0
DA:70,0
DA:72,0
DA:75,0
DA:76,0
DA:77,0
DA:78,0
DA:81,0
DA:82,0
DA:84,0
DA:85,0
DA:88,0
DA:89,0
DA:92,0
DA:93,0
DA:94,0
DA:98,0
DA:99,0
DA:100,0
DA:104,0
DA:107,0
DA:108,0
DA:109,0
DA:112,0
DA:113,0
DA:114,0
DA:116,0
DA:117,0
DA:118,0
DA:123,0
DA:124,0
DA:125,0
DA:126,0
DA:127,0
DA:128,0
DA:129,0
DA:130,0
DA:131,0
DA:132,0
DA:133,0
DA:134,0
DA:135,0
DA:136,0
DA:137,0
DA:138,0
DA:141,0
DA:142,0
DA:144,0
DA:145,0
DA:147,0
DA:148,0
DA:150,0
DA:151,0
DA:153,0
DA:154,0
DA:156,0
DA:157,0
DA:159,0
DA:160,0
DA:162,0
DA:163,0
DA:165,0
DA:166,0
DA:168,0
DA:169,0
DA:171,0
DA:172,0
DA:174,0
DA:175,0
DA:177,0
DA:178,0
DA:180,0
DA:181,0
DA:183,0
DA:184,0
DA:186,0
DA:187,0
DA:190,0
DA:192,0
LF:98
LH:0
BRDA:52,0,0,0
BRDA:52,0,1,0
BRDA:53,1,0,0
BRDA:53,1,1,0
BRDA:76,2,0,0
BRDA:76,2,1,0
BRDA:82,3,0,0
BRDA:82,3,1,0
BRDA:82,3,2,0
BRDA:84,4,0,0
BRDA:84,4,1,0
BRDA:88,5,0,0
BRDA:88,5,1,0
BRDA:88,6,0,0
BRDA:88,6,1,0
BRDA:92,7,0,0
BRDA:92,7,1,0
BRDA:92,8,0,0
BRDA:92,8,1,0
BRDA:98,9,0,0
BRDA:98,9,1,0
BRDA:108,10,0,0
BRDA:108,10,1,0
BRDA:112,11,0,0
BRDA:112,11,1,0
BRDA:114,12,0,0
BRDA:114,12,1,0
BRDA:141,13,0,0
BRDA:144,14,0,0
BRDA:147,15,0,0
BRDA:150,16,0,0
BRDA:153,17,0,0
BRDA:156,18,0,0
BRDA:159,19,0,0
BRDA:162,20,0,0
BRDA:165,21,0,0
BRDA:168,22,0,0
BRDA:171,23,0,0
BRDA:174,24,0,0
BRDA:177,25,0,0
BRDA:180,26,0,0
BRDA:183,27,0,0
BRDA:186,28,0,0
BRF:43
BRH:0
end_of_record
TN:
SF:src/functions/utilities/cellphoneFinder.js
FN:6,(anonymous_0)
FN:10,(anonymous_1)
FNF:2
FNH:0
FNDA:0,(anonymous_0)
FNDA:0,(anonymous_1)
DA:4,0
DA:6,0
DA:7,0
DA:9,0
DA:10,0
DA:11,0
DA:12,0
DA:14,0
DA:16,0
DA:20,0
LF:10
LH:0
BRF:0
BRH:0
end_of_record
TN:
SF:src/functions/utilities/generators.js
FN:11,(anonymous_0)
FN:30,(anonymous_1)
FN:49,(anonymous_2)
FN:79,(anonymous_3)
FN:111,(anonymous_4)
FNF:5
FNH:0
FNDA:0,(anonymous_0)
FNDA:0,(anonymous_1)
FNDA:0,(anonymous_2)
FNDA:0,(anonymous_3)
FNDA:0,(anonymous_4)
DA:1,0
DA:2,0
DA:6,0
DA:9,0
DA:11,0
DA:12,0
DA:13,0
DA:21,0
DA:26,0
DA:30,0
DA:31,0
DA:32,0
DA:39,0
DA:44,0
DA:45,0
DA:49,0
DA:59,0
DA:60,0
DA:71,0
DA:73,0
DA:75,0
DA:79,0
DA:91,0
DA:92,0
DA:107,0
DA:111,0
DA:115,0
DA:116,0
DA:118,0
DA:123,0
DA:124,0
DA:128,0
LF:32
LH:0
BRDA:13,0,0,0
BRDA:13,0,1,0
BRDA:13,0,2,0
BRDA:13,0,3,0
BRDA:30,1,0,0
BRDA:32,2,0,0
BRDA:32,2,1,0
BRDA:32,2,2,0
BRDA:32,2,3,0
BRDA:80,3,0,0
BRDA:81,4,0,0
BRDA:82,5,0,0
BRDA:83,6,0,0
BRDA:84,7,0,0
BRDA:85,8,0,0
BRDA:86,9,0,0
BRDA:87,10,0,0
BRDA:88,11,0,0
BRDA:89,12,0,0
BRDA:113,13,0,0
BRF:20
BRH:0
end_of_record
TN:
SF:src/functions/utilities/objectClarify.js
FN:1,(anonymous_0)
FN:4,(anonymous_1)
FNF:2
FNH:0
FNDA:0,(anonymous_0)
FNDA:0,(anonymous_1)
DA:1,0
DA:2,0
DA:4,0
DA:5,0
DA:6,0
DA:10,0
DA:13,0
LF:7
LH:0
BRDA:1,0,0,0
BRDA:5,1,0,0
BRDA:5,1,1,0
BRF:3
BRH:0
end_of_record
TN:
SF:src/functions/utilities/passwordGenerator.js
FN:14,(anonymous_0)
FNF:1
FNH:0
FNDA:0,(anonymous_0)
DA:1,0
DA:3,0
DA:5,0
DA:14,0
DA:15,0
DA:16,0
DA:21,0
DA:23,0
DA:24,0
DA:28,0
LF:10
LH:0
BRDA:14,0,0,0
BRF:1
BRH:0
end_of_record
TN:
SF:src/functions/utilities/randomId.js
FN:3,(anonymous_0)
FNF:1
FNH:0
FNDA:0,(anonymous_0)
DA:1,0
DA:3,0
DA:5,0
LF:3
LH:0
BRDA:3,0,0,0
BRF:1
BRH:0
end_of_record
TN:
SF:src/functions/utilities/sendableUserData.js
FN:1,(anonymous_0)
FN:16,(anonymous_1)
FNF:2
FNH:0
FNDA:0,(anonymous_0)
FNDA:0,(anonymous_1)
DA:1,0
DA:14,0
DA:16,0
DA:17,0
DA:19,0
DA:22,0
DA:36,0
DA:39,0
LF:8
LH:0
BRF:0
BRH:0
end_of_record
TN:
SF:src/functions/utilities/testUtils.js
FN:5,(anonymous_0)
FN:37,(anonymous_1)
FNF:2
FNH:0
FNDA:0,(anonymous_0)
FNDA:0,(anonymous_1)
DA:1,0
DA:3,0
DA:5,0
DA:12,0
DA:20,0
DA:21,0
DA:22,0
DA:23,0
DA:25,0
DA:26,0
DA:27,0
DA:28,0
DA:29,0
DA:31,0
DA:34,0
DA:37,0
DA:38,0
DA:40,0
DA:44,0
DA:47,0
LF:20
LH:0
BRDA:9,0,0,0
BRDA:20,1,0,0
BRDA:20,1,1,0
BRDA:22,2,0,0
BRDA:22,2,1,0
BRDA:25,3,0,0
BRDA:25,3,1,0
BRF:7
BRH:0
end_of_record
TN:
SF:src/functions/utilities/tokenSigner.js
FN:17,(anonymous_0)
FNF:1
FNH:0
FNDA:0,(anonymous_0)
DA:1,0
DA:6,0
DA:9,0
DA:13,0
DA:15,0
DA:17,0
DA:18,0
DA:19,0
DA:28,0
DA:32,0
LF:10
LH:0
BRDA:17,0,0,0
BRDA:21,1,0,0
BRDA:21,1,1,0
BRF:3
BRH:0
end_of_record
TN:
SF:src/functions/utilities/tokenVerifier.js
FN:13,(anonymous_0)
FNF:1
FNH:0
FNDA:0,(anonymous_0)
DA:1,0
DA:4,0
DA:8,0
DA:9,0
DA:11,0
DA:13,0
DA:18,0
DA:24,0
DA:27,0
LF:9
LH:0
BRDA:15,0,0,0
BRDA:16,1,0,0
BRF:2
BRH:0
end_of_record
TN:
SF:src/functions/utilities/utils.js
FN:9,(anonymous_0)
FN:21,(anonymous_1)
FNF:2
FNH:0
FNDA:0,(anonymous_0)
FNDA:0,(anonymous_1)
DA:4,0
DA:6,0
DA:7,0
DA:9,0
DA:10,0
DA:15,0
DA:18,0
DA:21,0
DA:22,0
DA:24,0
DA:25,0
DA:26,0
DA:31,0
DA:34,0
DA:36,0
DA:39,0
LF:16
LH:0
BRDA:10,0,0,0
BRDA:10,0,1,0
BRDA:11,1,0,0
BRDA:11,1,1,0
BRDA:11,1,2,0
BRDA:24,2,0,0
BRDA:24,2,1,0
BRDA:26,3,0,0
BRDA:26,3,1,0
BRF:9
BRH:0
end_of_record
TN:
SF:src/functions/utilities/utilsNoDeps.js
FN:5,(anonymous_0)
FN:13,(anonymous_1)
FN:17,(anonymous_2)
FN:27,(anonymous_3)
FN:29,(anonymous_4)
FN:33,(anonymous_5)
FN:43,(anonymous_6)
FN:47,(anonymous_7)
FN:51,(anonymous_8)
FN:55,(anonymous_9)
FN:67,(anonymous_10)
FN:79,(anonymous_11)
FN:80,(anonymous_12)
FN:83,(anonymous_13)
FN:95,(anonymous_14)
FN:102,(anonymous_15)
FN:117,(anonymous_16)
FN:121,(anonymous_17)
FNF:18
FNH:0
FNDA:0,(anonymous_0)
FNDA:0,(anonymous_1)
FNDA:0,(anonymous_2)
FNDA:0,(anonymous_3)
FNDA:0,(anonymous_4)
FNDA:0,(anonymous_5)
FNDA:0,(anonymous_6)
FNDA:0,(anonymous_7)
FNDA:0,(anonymous_8)
FNDA:0,(anonymous_9)
FNDA:0,(anonymous_10)
FNDA:0,(anonymous_11)
FNDA:0,(anonymous_12)
FNDA:0,(anonymous_13)
FNDA:0,(anonymous_14)
FNDA:0,(anonymous_15)
FNDA:0,(anonymous_16)
FNDA:0,(anonymous_17)
DA:3,0
DA:5,0
DA:6,0
DA:7,0
DA:9,0
DA:13,0
DA:14,0
DA:15,0
DA:17,0
DA:18,0
DA:21,0
DA:23,0
DA:27,0
DA:29,0
DA:30,0
DA:33,0
DA:34,0
DA:36,0
DA:37,0
DA:40,0
DA:43,0
DA:44,0
DA:47,0
DA:48,0
DA:51,0
DA:52,0
DA:55,0
DA:56,0
DA:57,0
DA:59,0
DA:61,0
DA:63,0
DA:67,0
DA:68,0
DA:69,0
DA:71,0
DA:73,0
DA:75,0
DA:79,0
DA:80,0
DA:83,0
DA:84,0
DA:85,0
DA:90,0
DA:95,0
DA:96,0
DA:101,0
DA:102,0
DA:105,0
DA:108,0
DA:109,0
DA:113,0
DA:117,0
DA:118,0
DA:121,0
DA:122,0
DA:125,0
LF:57
LH:0
BRDA:6,0,0,0
BRDA:6,0,1,0
BRDA:7,1,0,0
BRDA:7,1,1,0
BRDA:57,2,0,0
BRDA:57,2,1,0
BRDA:69,3,0,0
BRDA:69,3,1,0
BRDA:86,4,0,0
BRDA:86,4,1,0
BRDA:101,5,0,0
BRDA:101,5,1,0
BRDA:102,6,0,0
BRDA:102,6,1,0
BRDA:102,6,2,0
BRF:15
BRH:0
end_of_record
TN:
SF:src/functions/utilities/validatorCompiler.js
FN:7,(anonymous_0)
FNF:1
FNH:0
FNDA:0,(anonymous_0)
DA:1,0
DA:3,0
DA:5,0
DA:7,0
DA:8,0
DA:9,0
DA:14,0
DA:16,0
DA:18,0
DA:19,0
DA:23,0
LF:11
LH:0
BRF:0
BRH:0
end_of_record
TN:
SF:src/middlewares/authDefaultMiddleware.js
FN:9,(anonymous_0)
FNF:1
FNH:0
FNDA:0,(anonymous_0)
DA:1,0
DA:2,0
DA:6,0
DA:7,0
DA:9,0
DA:10,0
DA:11,0
DA:13,0
DA:15,0
DA:17,0
DA:19,0
DA:24,0
DA:25,0
DA:29,0
LF:14
LH:0
BRF:0
BRH:0
end_of_record
TN:
SF:src/middlewares/bodyClarifyMiddleware.js
FN:11,(anonymous_0)
FNF:1
FNH:0
FNDA:0,(anonymous_0)
DA:1,0
DA:2,0
DA:11,0
DA:12,0
DA:13,0
DA:15,0
DA:17,0
DA:18,0
DA:22,0
LF:9
LH:0
BRF:0
BRH:0
end_of_record
TN:
SF:src/middlewares/cellphoneValidatorMiddleware.js
FN:5,(anonymous_0)
FNF:1
FNH:0
FNDA:0,(anonymous_0)
DA:3,0
DA:5,0
DA:6,0
DA:7,0
DA:9,0
DA:10,0
DA:12,0
DA:14,0
DA:15,0
DA:16,0
DA:20,0
LF:11
LH:0
BRF:0
BRH:0
end_of_record
TN:
SF:src/middlewares/contactValidatorMiddleware.js
FN:6,(anonymous_0)
FNF:1
FNH:0
FNDA:0,(anonymous_0)
DA:1,0
DA:4,0
DA:6,0
DA:7,0
DA:9,0
DA:11,0
DA:13,0
DA:19,0
DA:21,0
DA:23,0
DA:24,0
DA:25,0
DA:29,0
LF:13
LH:0
BRF:0
BRH:0
end_of_record
TN:
SF:src/middlewares/errorCollectorMiddleware.js
FN:1,(anonymous_0)
FNF:1
FNH:0
FNDA:0,(anonymous_0)
DA:1,0
DA:2,0
DA:3,0
DA:5,0
DA:14,0
DA:16,0
DA:17,0
DA:20,0
DA:24,0
DA:26,0
DA:30,0
LF:11
LH:0
BRDA:3,0,0,0
BRDA:3,0,1,0
BRDA:3,1,0,0
BRDA:3,1,1,0
BRDA:16,2,0,0
BRDA:16,2,1,0
BRF:6
BRH:0
end_of_record
TN:
SF:src/middlewares/errorResponserMiddleware.js
FN:1,(anonymous_0)
FNF:1
FNH:0
FNDA:0,(anonymous_0)
DA:1,0
DA:2,0
DA:3,0
DA:4,0
DA:6,0
DA:7,0
DA:11,0
LF:7
LH:0
BRDA:1,0,0,0
BRDA:4,1,0,0
BRDA:4,1,1,0
BRF:3
BRH:0
end_of_record
TN:
SF:src/middlewares/findCurrentUserFromDb.js
FN:11,(anonymous_0)
FNF:1
FNH:0
FNDA:0,(anonymous_0)
DA:1,0
DA:3,0
DA:9,0
DA:11,0
DA:12,0
DA:13,0
DA:15,0
DA:17,0
DA:19,0
DA:24,0
DA:26,0
DA:28,0
DA:29,0
DA:30,0
DA:34,0
LF:15
LH:0
BRF:0
BRH:0
end_of_record
TN:
SF:src/middlewares/requestMethodCheckerMiddleware.js
FN:8,(anonymous_0)
FN:11,(anonymous_1)
FN:22,(anonymous_2)
FNF:3
FNH:0
FNDA:0,(anonymous_0)
FNDA:0,(anonymous_1)
FNDA:0,(anonymous_2)
DA:1,0
DA:2,0
DA:3,0
DA:4,0
DA:6,0
DA:8,0
DA:9,0
DA:10,0
DA:11,0
DA:14,0
DA:19,0
DA:20,0
DA:22,0
DA:25,0
DA:26,0
DA:27,0
DA:29,0
DA:33,0
LF:18
LH:0
BRDA:14,0,0,0
BRDA:14,0,1,0
BRDA:19,1,0,0
BRDA:19,1,1,0
BRF:4
BRH:0
end_of_record
TN:
SF:src/middlewares/selfStuffControllerMiddleware.js
FN:12,(anonymous_0)
FNF:1
FNH:0
FNDA:0,(anonymous_0)
DA:4,0
DA:10,0
DA:12,0
DA:13,0
DA:14,0
DA:16,0
DA:18,0
DA:20,0
DA:25,0
DA:27,0
DA:28,0
DA:29,0
DA:33,0
LF:13
LH:0
BRF:0
BRH:0
end_of_record
TN:
SF:src/middlewares/targetUserFinderByCellphoneMiddleware.js
FN:10,(anonymous_0)
FNF:1
FNH:0
FNDA:0,(anonymous_0)
DA:1,0
DA:2,0
DA:8,0
DA:10,0
DA:11,0
DA:12,0
DA:14,0
DA:16,0
DA:18,0
DA:23,0
DA:25,0
DA:27,0
DA:29,0
DA:30,0
DA:34,0
LF:15
LH:0
BRF:0
BRH:0
end_of_record
TN:
SF:src/models/chatModels/chatModel.js
FNF:0
FNH:0
DA:4,0
DA:6,0
DA:12,0
DA:35,0
DA:39,0
DA:41,0
DA:42,0
DA:43,0
DA:45,0
DA:47,0
DA:49,0
DA:60,0
DA:86,0
DA:88,0
DA:90,0
DA:105,0
LF:16
LH:0
BRF:0
BRH:0
end_of_record
TN:
SF:src/models/chatModels/chatModelFunctions.js
FN:29,(anonymous_0)
FN:51,(anonymous_1)
FN:52,(anonymous_2)
FN:61,(anonymous_3)
FN:65,(anonymous_4)
FNF:5
FNH:0
FNDA:0,(anonymous_0)
FNDA:0,(anonymous_1)
FNDA:0,(anonymous_2)
FNDA:0,(anonymous_3)
FNDA:0,(anonymous_4)
DA:1,0
DA:2,0
DA:6,0
DA:8,0
DA:16,0
DA:22,0
DA:27,0
DA:29,0
DA:30,0
DA:31,0
DA:33,0
DA:34,0
DA:37,0
DA:38,0
DA:39,0
DA:40,0
DA:44,0
DA:46,0
DA:47,0
DA:51,0
DA:52,0
DA:53,0
DA:55,0
DA:56,0
DA:58,0
DA:61,0
DA:62,0
DA:65,0
DA:66,0
DA:67,0
DA:69,0
DA:75,0
DA:77,0
DA:83,0
DA:84,0
DA:86,0
DA:95,0
DA:97,0
DA:98,0
DA:99,0
DA:100,0
DA:102,0
DA:105,0
DA:108,0
LF:44
LH:0
BRDA:37,0,0,0
BRDA:37,0,1,0
BRDA:83,1,0,0
BRDA:83,1,1,0
BRDA:99,2,0,0
BRDA:99,2,1,0
BRF:6
BRH:0
end_of_record
TN:
SF:src/models/chatModels/privateChatMongoModel.js
FNF:0
FNH:0
DA:1,0
DA:2,0
DA:6,0
DA:18,0
DA:23,0
DA:41,0
DA:92,0
DA:99,0
DA:101,0
DA:103,0
DA:109,0
LF:11
LH:0
BRF:0
BRH:0
end_of_record
TN:
SF:src/models/commonModels/commonModel.js
FNF:0
FNH:0
DA:4,0
DA:5,0
DA:22,0
DA:35,0
DA:37,0
DA:48,0
DA:59,0
DA:68,0
DA:79,0
DA:90,0
LF:10
LH:0
BRF:0
BRH:0
end_of_record
TN:
SF:src/models/userModels/userModel.js
FNF:0
FNH:0
DA:4,0
DA:5,0
DA:11,0
DA:74,0
DA:76,0
DA:87,0
DA:95,0
DA:106,0
DA:116,0
DA:126,0
DA:127,0
DA:129,0
DA:140,0
DA:151,0
DA:162,0
DA:173,0
DA:183,0
DA:195,0
DA:205,0
DA:228,0
LF:20
LH:0
BRF:0
BRH:0
end_of_record
TN:
SF:src/models/userModels/userModelFunctions.js
FN:22,(anonymous_0)
FN:38,(anonymous_1)
FN:73,(anonymous_2)
FN:108,(anonymous_3)
FN:136,(anonymous_4)
FN:144,(anonymous_5)
FN:158,(anonymous_6)
FNF:7
FNH:0
FNDA:0,(anonymous_0)
FNDA:0,(anonymous_1)
FNDA:0,(anonymous_2)
FNDA:0,(anonymous_3)
FNDA:0,(anonymous_4)
FNDA:0,(anonymous_5)
FNDA:0,(anonymous_6)
DA:1,0
DA:2,0
DA:4,0
DA:8,0
DA:20,0
DA:22,0
DA:26,0
DA:27,0
DA:29,0
DA:33,0
DA:34,0
DA:38,0
DA:42,0
DA:43,0
DA:47,0
DA:52,0
DA:53,0
DA:58,0
DA:63,0
DA:64,0
DA:68,0
DA:69,0
DA:73,0
DA:77,0
DA:81,0
DA:86,0
DA:87,0
DA:92,0
DA:101,0
DA:105,0
DA:108,0
DA:113,0
DA:114,0
DA:118,0
DA:120,0
DA:125,0
DA:129,0
DA:131,0
DA:132,0
DA:136,0
DA:137,0
DA:138,0
DA:140,0
DA:144,0
DA:145,0
DA:149,0
DA:151,0
DA:153,0
DA:158,0
DA:162,0
DA:163,0
DA:167,0
DA:169,0
DA:170,0
DA:174,0
DA:175,0
DA:179,0
LF:57
LH:0
BRDA:23,0,0,0
BRDA:24,1,0,0
BRDA:39,2,0,0
BRDA:40,3,0,0
BRDA:74,4,0,0
BRDA:75,5,0,0
BRDA:109,6,0,0
BRDA:110,7,0,0
BRDA:136,8,0,0
BRDA:159,9,0,0
BRDA:160,10,0,0
BRF:11
BRH:0
end_of_record
TN:
SF:src/models/userModels/userMongoModel.js
FN:187,(anonymous_0)
FNF:1
FNH:0
FNDA:0,(anonymous_0)
DA:1,0
DA:2,0
DA:6,0
DA:7,0
DA:23,0
DA:33,0
DA:35,0
DA:37,0
DA:166,0
DA:188,0
DA:190,0
DA:231,0
DA:233,0
DA:235,0
LF:14
LH:0
BRF:0
BRH:0
end_of_record
TN:
SF:src/models/validationModels/chatValidationModels/chatIdValidationModel.js
FNF:0
FNH:0
DA:7,0
DA:9,0
DA:32,0
LF:3
LH:0
BRF:0
BRH:0
end_of_record
TN:
SF:src/models/validationModels/chatValidationModels/messageIdValidationModel.js
FNF:0
FNH:0
DA:7,0
DA:9,0
DA:32,0
LF:3
LH:0
BRF:0
BRH:0
end_of_record
TN:
SF:src/models/validationModels/chatValidationModels/messageTextValidationModel.js
FNF:0
FNH:0
DA:7,0
DA:9,0
DA:28,0
LF:3
LH:0
BRF:0
BRH:0
end_of_record
TN:
SF:src/models/validationModels/chatValidationModels/participantIdValidationModel.js
FNF:0
FNH:0
DA:7,0
DA:9,0
DA:32,0
LF:3
LH:0
BRF:0
BRH:0
end_of_record
TN:
SF:src/models/validationModels/commonValidationModels/createdAtValidationModel.js
FNF:0
FNH:0
DA:7,0
DA:9,0
DA:22,0
LF:3
LH:0
BRF:0
BRH:0
end_of_record
TN:
SF:src/models/validationModels/userValidationModels/bioValidationsModel.js
FNF:0
FNH:0
DA:7,0
DA:9,0
DA:27,0
LF:3
LH:0
BRF:0
BRH:0
end_of_record
TN:
SF:src/models/validationModels/userValidationModels/countryCodeValidationModel.js
FNF:0
FNH:0
DA:7,0
DA:9,0
DA:30,0
LF:3
LH:0
BRF:0
BRH:0
end_of_record
TN:
SF:src/models/validationModels/userValidationModels/countryNameValidationModel.js
FNF:0
FNH:0
DA:7,0
DA:9,0
DA:29,0
LF:3
LH:0
BRF:0
BRH:0
end_of_record
TN:
SF:src/models/validationModels/userValidationModels/firstNameValidationModel.js
FNF:0
FNH:0
DA:7,0
DA:9,0
DA:30,0
LF:3
LH:0
BRF:0
BRH:0
end_of_record
TN:
SF:src/models/validationModels/userValidationModels/lastNameValidationModel.js
FNF:0
FNH:0
DA:7,0
DA:9,0
DA:28,0
LF:3
LH:0
BRF:0
BRH:0
end_of_record
TN:
SF:src/models/validationModels/userValidationModels/macAddressValidationModel.js
FNF:0
FNH:0
DA:7,0
DA:9,0
DA:32,0
LF:3
LH:0
BRF:0
BRH:0
end_of_record
TN:
SF:src/models/validationModels/userValidationModels/phoneNumberValidationModel.js
FNF:0
FNH:0
DA:7,0
DA:9,0
DA:31,0
LF:3
LH:0
BRF:0
BRH:0
end_of_record
TN:
SF:src/models/validationModels/userValidationModels/privateIDValidationModel.js
FNF:0
FNH:0
DA:7,0
DA:9,0
DA:32,0
LF:3
LH:0
BRF:0
BRH:0
end_of_record
TN:
SF:src/models/validationModels/userValidationModels/usernameValidationModel.js
FNF:0
FNH:0
DA:7,0
DA:9,0
DA:31,0
LF:3
LH:0
BRF:0
BRH:0
end_of_record
TN:
SF:src/models/validationModels/userValidationModels/verificationCodeValidationModel.js
FNF:0
FNH:0
DA:7,0
DA:9,0
DA:25,0
LF:3
LH:0
BRF:0
BRH:0
end_of_record
TN:
SF:src/routers/lifeLine.js
FNF:0
FNH:0
DA:3,0
DA:7,0
DA:8,0
DA:11,0
DA:12,0
DA:15,0
DA:19,0
DA:21,0
DA:25,0
DA:28,0
DA:31,0
DA:40,0
DA:43,0
DA:45,0
DA:48,0
DA:58,0
DA:60,0
DA:62,0
DA:64,0
DA:66,0
DA:68,0
LF:21
LH:0
BRF:0
BRH:0
end_of_record
TN:
SF:src/routers/cellphoneRouters/cellphoneRouter.js
FNF:0
FNH:0
DA:1,0
DA:5,0
DA:8,0
DA:11,0
DA:15,0
DA:18,0
DA:21,0
DA:24,0
DA:27,0
DA:30,0
DA:32,0
DA:45,0
DA:47,0
DA:49,0
DA:54,0
DA:62,0
DA:64,0
DA:69,0
DA:71,0
DA:76,0
DA:81,0
DA:86,0
LF:22
LH:0
BRF:0
BRH:0
end_of_record
TN:
SF:src/routers/channelRouters/channelRouter.js
FNF:0
FNH:0
LF:0
LH:0
BRF:0
BRH:0
end_of_record
TN:
SF:src/routers/chatRouters/groupChatRouter.js
FNF:0
FNH:0
LF:0
LH:0
BRF:0
BRH:0
end_of_record
TN:
SF:src/routers/chatRouters/privateChatRouter.js
FNF:0
FNH:0
DA:1,0
DA:5,0
DA:9,0
DA:12,0
DA:15,0
DA:26,0
DA:28,0
DA:30,0
DA:35,0
DA:40,0
DA:44,0
DA:49,0
LF:12
LH:0
BRF:0
BRH:0
end_of_record
TN:
SF:src/routers/otherRouters/otherRouter.js
FNF:0
FNH:0
DA:1,0
DA:5,0
DA:8,0
DA:17,0
DA:19,0
DA:21,0
DA:23,0
DA:25,0
LF:8
LH:0
BRF:0
BRH:0
end_of_record
TN:
SF:src/routers/userRouters/userRouter.js
FNF:0
FNH:0
DA:1,0
DA:5,0
DA:9,0
DA:12,0
DA:15,0
DA:18,0
DA:21,0
DA:33,0
DA:35,0
DA:37,0
DA:39,0
DA:40,0
DA:45,0
DA:47,0
DA:52,0
DA:54,0
LF:16
LH:0
BRF:0
BRH:0
end_of_record
TN:
SF:src/routers/versionControlRouters/versionControlRouter.js
FNF:0
FNH:0
DA:1,0
DA:5,0
DA:9,0
DA:11,0
DA:17,0
DA:19,0
DA:24,0
LF:7
LH:0
BRF:0
BRH:0
end_of_record
TN:
SF:src/socket/io.js
FN:3,(anonymous_0)
FN:7,(anonymous_1)
FNF:2
FNH:0
FNDA:0,(anonymous_0)
FNDA:0,(anonymous_1)
DA:1,0
DA:3,0
DA:5,0
DA:8,0
DA:16,0
LF:5
LH:0
BRF:0
BRH:0
end_of_record
TN:
SF:src/validators/chatValidators/chatIDValidator.js
FNF:0
FNH:0
DA:3,0
DA:7,0
DA:9,0
DA:17,0
DA:19,0
LF:5
LH:0
BRF:0
BRH:0
end_of_record
TN:
SF:src/validators/chatValidators/messageIDValidator.js
FNF:0
FNH:0
DA:3,0
DA:7,0
DA:9,0
DA:17,0
DA:19,0
LF:5
LH:0
BRF:0
BRH:0
end_of_record
TN:
SF:src/validators/chatValidators/messageTextValidator.js
FNF:0
FNH:0
DA:3,0
DA:7,0
DA:9,0
DA:17,0
DA:21,0
LF:5
LH:0
BRF:0
BRH:0
end_of_record
TN:
SF:src/validators/chatValidators/participantIDValidator.js
FNF:0
FNH:0
DA:3,0
DA:7,0
DA:9,0
DA:17,0
DA:21,0
LF:5
LH:0
BRF:0
BRH:0
end_of_record
TN:
SF:src/validators/userValidators/bioValidator.js
FNF:0
FNH:0
DA:3,0
DA:7,0
DA:9,0
DA:17,0
DA:19,0
LF:5
LH:0
BRF:0
BRH:0
end_of_record
TN:
SF:src/validators/userValidators/cellphoneValidator.js
FN:50,(anonymous_0)
FN:53,(anonymous_1)
FN:70,(anonymous_2)
FNF:3
FNH:0
FNDA:0,(anonymous_0)
FNDA:0,(anonymous_1)
FNDA:0,(anonymous_2)
DA:3,0
DA:7,0
DA:11,0
DA:14,0
DA:17,0
DA:21,0
DA:25,0
DA:28,0
DA:34,0
DA:36,0
DA:48,0
DA:50,0
DA:51,0
DA:53,0
DA:54,0
DA:56,0
DA:64,0
DA:65,0
DA:66,0
DA:68,0
DA:70,0
DA:71,0
DA:73,0
DA:82,0
DA:85,0
LF:25
LH:0
BRDA:50,0,0,0
BRDA:53,1,0,0
BRDA:53,1,1,0
BRDA:53,1,2,0
BRF:4
BRH:0
end_of_record
TN:
SF:src/validators/userValidators/contactValidator.js
FNF:0
FNH:0
DA:3,0
DA:7,0
DA:10,0
DA:13,0
DA:15,0
DA:27,0
DA:29,0
LF:7
LH:0
BRF:0
BRH:0
end_of_record
TN:
SF:src/validators/userValidators/countryCodeValidator.js
FN:34,(anonymous_0)
FN:35,(anonymous_1)
FN:46,(anonymous_2)
FN:59,(anonymous_3)
FN:71,(anonymous_4)
FN:73,(anonymous_5)
FNF:6
FNH:0
FNDA:0,(anonymous_0)
FNDA:0,(anonymous_1)
FNDA:0,(anonymous_2)
FNDA:0,(anonymous_3)
FNDA:0,(anonymous_4)
FNDA:0,(anonymous_5)
DA:4,0
DA:7,0
DA:11,0
DA:12,0
DA:22,0
DA:24,0
DA:32,0
DA:34,0
DA:35,0
DA:36,0
DA:38,0
DA:46,0
DA:47,0
DA:49,0
DA:57,0
DA:59,0
DA:60,0
DA:62,0
DA:71,0
DA:73,0
DA:74,0
DA:76,0
DA:85,0
DA:88,0
LF:24
LH:0
BRF:0
BRH:0
end_of_record
TN:
SF:src/validators/userValidators/countryNameValidator.js
FN:34,(anonymous_0)
FN:35,(anonymous_1)
FN:48,(anonymous_2)
FN:60,(anonymous_3)
FN:62,(anonymous_4)
FNF:5
FNH:0
FNDA:0,(anonymous_0)
FNDA:0,(anonymous_1)
FNDA:0,(anonymous_2)
FNDA:0,(anonymous_3)
FNDA:0,(anonymous_4)
DA:4,0
DA:7,0
DA:11,0
DA:13,0
DA:22,0
DA:24,0
DA:32,0
DA:34,0
DA:35,0
DA:36,0
DA:38,0
DA:46,0
DA:48,0
DA:49,0
DA:51,0
DA:60,0
DA:62,0
DA:63,0
DA:65,0
DA:74,0
DA:77,0
LF:21
LH:0
BRF:0
BRH:0
end_of_record
TN:
SF:src/validators/userValidators/createdAtValidator.js
FNF:0
FNH:0
DA:3,0
DA:7,0
DA:9,0
DA:17,0
DA:19,0
LF:5
LH:0
BRF:0
BRH:0
end_of_record
TN:
SF:src/validators/userValidators/firstNameValidator.js
FNF:0
FNH:0
DA:3,0
DA:7,0
DA:9,0
DA:17,0
DA:19,0
LF:5
LH:0
BRF:0
BRH:0
end_of_record
TN:
SF:src/validators/userValidators/lastNameValidator.js
FNF:0
FNH:0
DA:3,0
DA:7,0
DA:9,0
DA:17,0
DA:19,0
LF:5
LH:0
BRF:0
BRH:0
end_of_record
TN:
SF:src/validators/userValidators/macAddressValidator.js
FNF:0
FNH:0
DA:3,0
DA:7,0
DA:9,0
DA:17,0
DA:19,0
LF:5
LH:0
BRF:0
BRH:0
end_of_record
TN:
SF:src/validators/userValidators/phoneNumberValidator.js
FN:32,(anonymous_0)
FN:33,(anonymous_1)
FN:44,(anonymous_2)
FN:59,(anonymous_3)
FNF:4
FNH:0
FNDA:0,(anonymous_0)
FNDA:0,(anonymous_1)
FNDA:0,(anonymous_2)
FNDA:0,(anonymous_3)
DA:4,0
DA:7,0
DA:11,0
DA:20,0
DA:22,0
DA:30,0
DA:32,0
DA:33,0
DA:34,0
DA:36,0
DA:44,0
DA:45,0
DA:47,0
DA:55,0
DA:56,0
DA:57,0
DA:59,0
DA:60,0
DA:62,0
DA:71,0
DA:74,0
LF:21
LH:0
BRF:0
BRH:0
end_of_record
TN:
SF:src/validators/userValidators/privateIDValidator.js
FNF:0
FNH:0
DA:3,0
DA:7,0
DA:9,0
DA:17,0
DA:19,0
LF:5
LH:0
BRF:0
BRH:0
end_of_record
TN:
SF:src/validators/userValidators/usernameValidator.js
FNF:0
FNH:0
DA:3,0
DA:7,0
DA:9,0
DA:17,0
DA:19,0
LF:5
LH:0
BRF:0
BRH:0
end_of_record
TN:
SF:src/validators/userValidators/verificationCodeValidator.js
FN:32,(anonymous_0)
FN:33,(anonymous_1)
FN:44,(anonymous_2)
FN:59,(anonymous_3)
FNF:4
FNH:0
FNDA:0,(anonymous_0)
FNDA:0,(anonymous_1)
FNDA:0,(anonymous_2)
FNDA:0,(anonymous_3)
DA:4,0
DA:7,0
DA:11,0
DA:20,0
DA:22,0
DA:30,0
DA:32,0
DA:33,0
DA:34,0
DA:36,0
DA:44,0
DA:45,0
DA:49,0
DA:57,0
DA:59,0
DA:60,0
DA:62,0
DA:72,0
LF:18
LH:0
BRF:0
BRH:0
end_of_record
TN:
SF:src/variables/globalVariables.js
FNF:0
FNH:0
DA:1,0
DA:3,0
DA:5,0
DA:6,0
DA:7,0
LF:5
LH:0
BRF:0
BRH:0
end_of_record
TN:
SF:src/variables/otherVariables.js
FNF:0
FNH:0
DA:3,0
DA:6,0
DA:9,0
DA:12,0
DA:15,0
DA:18,0
DA:21,0
DA:24,0
DA:27,0
DA:30,0
DA:33,0
DA:36,0
DA:39,0
DA:42,0
DA:45,0
DA:47,0
DA:48,0
DA:49,0
DA:50,0
DA:53,0
DA:55,0
DA:56,0
DA:57,0
DA:58,0
DA:59,0
DA:61,0
DA:69,0
DA:75,0
DA:80,0
DA:98,0
DA:105,0
LF:31
LH:0
BRF:0
BRH:0
end_of_record
TN:
SF:src/variables/configs/appConfigs/appConfigs.js
FNF:0
FNH:0
DA:1,0
DA:3,0
DA:7,0
DA:9,0
DA:12,0
DA:16,0
LF:6
LH:0
BRDA:12,0,0,0
BRDA:12,0,1,0
BRF:2
BRH:0
end_of_record
TN:
SF:src/variables/configs/databaseConfigs/connectDatabase.js
FN:4,(anonymous_0)
FN:20,(anonymous_1)
FNF:2
FNH:0
FNDA:0,(anonymous_0)
FNDA:0,(anonymous_1)
DA:1,0
DA:2,0
DA:4,0
DA:5,0
DA:6,0
DA:12,0
DA:14,0
DA:18,0
DA:20,0
DA:21,0
LF:10
LH:0
BRF:0
BRH:0
end_of_record
TN:
SF:src/variables/constants/countries.js
FNF:0
FNH:0
DA:3,0
DA:480,0
LF:2
LH:0
BRF:0
BRH:0
end_of_record
TN:
SF:src/variables/constants/environmentInitialValues.js
FNF:0
FNH:0
DA:1,0
DA:15,0
DA:23,0
LF:3
LH:0
BRF:0
BRH:0
end_of_record
TN:
SF:src/variables/constants/initialOptions/initialOptions.js
FNF:0
FNH:0
DA:73,0
DA:89,0
DA:91,0
LF:3
LH:0
BRF:0
BRH:0
end_of_record
TN:
SF:src/variables/constants/initialValues/initialValue.js
FNF:0
FNH:0
DA:1,0
DA:8,0
DA:13,0
DA:18,0
LF:4
LH:0
BRF:0
BRH:0
end_of_record
TN:
SF:src/variables/errors/chatErrors.js
FNF:0
FNH:0
DA:1,0
DA:3,0
DA:11,0
DA:13,0
DA:21,0
DA:29,0
DA:37,0
DA:45,0
DA:53,0
DA:61,0
DA:69,0
DA:77,0
DA:85,0
DA:93,0
DA:101,0
DA:109,0
DA:117,0
DA:125,0
DA:133,0
DA:141,0
DA:149,0
DA:157,0
DA:165,0
DA:173,0
DA:181,0
DA:189,0
DA:219,0
LF:27
LH:0
BRF:0
BRH:0
end_of_record
TN:
SF:src/variables/errors/userErrors.js
FNF:0
FNH:0
DA:1,0
DA:3,0
DA:11,0
DA:19,0
DA:27,0
DA:35,0
DA:43,0
DA:51,0
DA:59,0
DA:67,0
DA:75,0
DA:83,0
DA:91,0
DA:99,0
DA:107,0
DA:115,0
DA:123,0
DA:131,0
DA:139,0
DA:147,0
DA:155,0
DA:163,0
DA:171,0
DA:179,0
DA:187,0
DA:195,0
DA:203,0
DA:211,0
DA:219,0
DA:227,0
DA:235,0
DA:243,0
DA:251,0
DA:259,0
DA:267,0
DA:275,0
DA:283,0
DA:291,0
DA:299,0
DA:307,0
DA:315,0
DA:323,0
DA:331,0
DA:339,0
DA:347,0
DA:355,0
DA:363,0
DA:371,0
DA:379,0
DA:387,0
DA:395,0
DA:403,0
DA:411,0
DA:419,0
DA:421,0
DA:429,0
DA:431,0
DA:433,0
DA:441,0
DA:449,0
DA:451,0
DA:459,0
DA:467,0
DA:475,0
DA:483,0
DA:491,0
DA:499,0
DA:507,0
DA:580,0
LF:69
LH:0
BRF:0
BRH:0
end_of_record
TN:
SF:src/variables/routes/cellphoneRoutes.js
FNF:0
FNH:0
DA:1,0
DA:3,0
DA:5,0
DA:13,0
DA:21,0
DA:29,0
DA:37,0
DA:45,0
DA:53,0
DA:61,0
DA:69,0
DA:77,0
DA:85,0
DA:93,0
DA:101,0
DA:109,0
DA:130,0
LF:17
LH:0
BRF:0
BRH:0
end_of_record
TN:
SF:src/variables/routes/messageRoutes.js
FNF:0
FNH:0
LF:0
LH:0
BRF:0
BRH:0
end_of_record
TN:
SF:src/variables/routes/otherRoutes.js
FNF:0
FNH:0
DA:1,0
DA:3,0
DA:5,0
DA:13,0
DA:21,0
DA:28,0
LF:6
LH:0
BRF:0
BRH:0
end_of_record
TN:
SF:src/variables/routes/privateChatRoutes.js
FNF:0
FNH:0
DA:1,0
DA:3,0
DA:5,0
DA:13,0
DA:21,0
DA:29,0
DA:37,0
DA:45,0
DA:58,0
LF:9
LH:0
BRF:0
BRH:0
end_of_record
TN:
SF:src/variables/routes/userRoutes.js
FNF:0
FNH:0
DA:1,0
DA:3,0
DA:5,0
DA:13,0
DA:20,0
DA:28,0
DA:36,0
DA:44,0
DA:59,0
LF:9
LH:0
BRF:0
BRH:0
end_of_record
TN:
SF:src/variables/routes/versionControlRoutes.js
FNF:0
FNH:0
DA:1,0
DA:3,0
DA:5,0
DA:13,0
DA:19,0
LF:5
LH:0
BRF:0
BRH:0
end_of_record
TN:
SF:temp/playground.js
FNF:0
FNH:0
LF:0
LH:0
BRF:0
BRH:0
end_of_record
TN:
SF:temp/server.js
FNF:0
FNH:0
LF:0
LH:0
BRF:0
BRH:0
end_of_record
